This is LuaTeX, Version 1.10.0 (TeX Live 2019/Debian)  (format=lualatex 2022.1.11)  8 FEB 2022 17:11
 restricted system commands enabled.
 file:line:error style messages enabled.
**/home/xekri/github/orthography/ja/new/main
(/home/xekri/github/orthography/ja/new/main.tex
LaTeX2e <2020-02-02> patch level 2
Lua module: luaotfload-main 2020-02-02 3.12 luaotfload entry point
Lua module: luaotfload-init 2020-02-02 3.12 luaotfload submodule / initialization
Lua module: lualibs 2020-02-02 2.70 ConTeXt Lua standard libraries.
Lua module: lualibs-extended 2020-02-02 2.70 ConTeXt Lua libraries -- extended collection.
Lua module: luaotfload-log 2020-02-02 3.12 luaotfload submodule / logging
Lua module: luaotfload-parsers 2020-02-02 3.12 luaotfload submodule / filelist
Lua module: luaotfload-configuration 2020-02-02 3.12 luaotfload submodule / config file reader
luaotfload | conf : Root cache directory is /home/xekri/.texlive2019/texmf-var/luatex-cache/generic-dev/names.
luaotfload | init : Loading fontloader “fontloader-2020-01-26.lua” from kpse-resolved path “/usr/share/texlive/texmf-dist/tex/luatex/luaotfload/fontloader-2020-01-26.lua”.
Lua-only attribute luaotfload@state = 2
Lua-only attribute luaotfload@noligature = 3
Lua-only attribute luaotfload@syllabe = 4
luaotfload | init : Context OpenType loader version “3.11”
Inserting `luaotfload.node_processor' at position 1 in `pre_linebreak_filter'.
Inserting `luaotfload.node_processor' at position 1 in `hpack_filter'.
Lua module: luaotfload-loaders 2020-02-02 3.12 luaotfload submodule / callback handling
Inserting `luaotfload.define_font' at position 1 in `define_font'.
Lua module: luaotfload-database 2020-02-02 3.12 luaotfload submodule / database
Lua module: luaotfload-unicode 2020-02-02 3.12 luaotfload submodule / Unicode helpers
Lua module: luaotfload-colors 2020-02-02 3.12 luaotfload submodule / color
Lua-only attribute luaotfload_color_attribute = 5
Lua module: luaotfload-resolvers 2020-02-02 3.12 luaotfload submodule / resolvers
luaotfload | conf : Root cache directory is /home/xekri/.texlive2019/texmf-var/luatex-cache/generic-dev/names.
Lua module: luaotfload-features 2020-02-02 3.12 luaotfload submodule / features
Lua module: luaotfload-letterspace 2020-02-02 3.12 luaotfload submodule / color
Lua module: luaotfload-embolden 2020-02-02 3.12 luaotfload submodule / color
Lua module: luaotfload-notdef 2020-02-02 3.12 luaotfload submodule / color
Lua module: luaotfload-auxiliary 2020-02-02 3.12 luaotfload submodule / auxiliary functions
Inserting `luaotfload.aux.set_sscale_dimens' at position 1 in `luaotfload.patch_font'.
Inserting `luaotfload.aux.set_font_index' at position 2 in `luaotfload.patch_font'.
Inserting `luaotfload.aux.patch_cambria_domh' at position 3 in `luaotfload.patch_font'.
Inserting `luaotfload.aux.fixup_fontdata' at position 1 in `luaotfload.patch_font_unsafe'.
Inserting `luaotfload.aux.set_capheight' at position 4 in `luaotfload.patch_font'.
Inserting `luaotfload.aux.set_xheight' at position 5 in `luaotfload.patch_font'.
Lua module: luaotfload-fallback 2020-02-02 3.12 luaotfload submodule / fallback
Lua module: luaotfload-multiscript 2020-02-02 3.12 luaotfload submodule / multiscript
Lua module: luaotfload-script 2020-02-02 3.12 luaotfload submodule / Script helpers
Lua module: luaotfload-tounicode 2020-02-02 3.12 luaotfload submodule / tounicode
Inserting `luaotfload.rewrite_fontname' at position 6 in `luaotfload.patch_font'. L3 programming layer <2020-02-14> (/usr/share/texlive/texmf-dist/tex/latex/jlreq/jlreq.cls
Document Class: jlreq 2020/02/07 jlreq
(/usr/share/texlive/texmf-dist/tex/latex/xkeyval/xkeyval.sty
Package: xkeyval 2014/12/03 v2.7a package option processing (HA)
 (/usr/share/texlive/texmf-dist/tex/generic/xkeyval/xkeyval.tex (/usr/share/texlive/texmf-dist/tex/generic/xkeyval/xkvutils.tex
\XKV@toks=\toks14
\XKV@tempa@toks=\toks15
 (/usr/share/texlive/texmf-dist/tex/generic/xkeyval/keyval.tex))
\XKV@depth=\count163
File: xkeyval.tex 2014/12/03 v2.7a key=value parser (HA)
)) (/usr/share/texlive/texmf-dist/tex/latex/everyhook/everyhook.sty (/usr/share/texlive/texmf-dist/tex/latex/svn-prov/svn-prov.sty
Package: svn-prov 2010/04/24 v3.1862 Package Date/Version from SVN Keywords
)
Package: everyhook 2014/11/26 v1.2 (SVN Rev: 12)\ Hooks for low level TeX everyX primitives.
 (/usr/share/texlive/texmf-dist/tex/latex/etoolbox/etoolbox.sty
Package: etoolbox 2019/09/21 v2.5h e-TeX tools for LaTeX (JAW)
\etb@tempcnta=\count164
)
\everypar=\toks16
\frozen@everymath=\toks17
\frozen@everydisplay=\toks18
\everyhbox=\toks19
\everyvbox=\toks20
\everycr=\toks21
) (/usr/share/texlive/texmf-dist/tex/latex/filehook/filehook.sty
Package: filehook 2020/02/03 v0.7 Hooks for input files
) (/usr/share/texlive/texmf-dist/tex/latex/base/ifthen.sty
Package: ifthen 2014/09/29 v1.1c Standard LaTeX ifthen package (DPC)
) (/usr/share/texlive/texmf-dist/tex/latex/jlreq/jlreq-helpers.sty
Package: jlreq-helpers 2018/08/15 jlreq-helpers
\jlreq@tempcnta=\count165
\jlreq@tempcntb=\count166
\jlreq@tempcntc=\count167
\jlreq@tempdima=\dimen134
\jlreq@tempdimb=\dimen135
\jlreq@tempdimc=\dimen136
\jlreq@tempskipa=\skip47
\jlreq@tempskipb=\skip48
\jlreq@tempskipc=\skip49
\jlreq@tempboxa=\box45
\jlreq@tempboxb=\box46
\jlreq@tempboxc=\box47
\jlreq@resultdimen=\dimen137
\jlreq@resultskip=\skip50
\jlreq@resultbox=\box48
\jlreq@resultcnt=\count168
\jlreq@reference@count=\count169
\jlreq@currentpage=\count170
) jlreq guessed engine: lualatex (/usr/share/texlive/texmf-dist/tex/luatex/luatexja/luatexja.sty
Package: luatexja 2020/01/27 Japanese Typesetting with Lua(La)TeX
 (/usr/share/texlive/texmf-dist/tex/luatex/luatexja/luatexja-core.sty
Package: luatexja-core 2017/11/12 Core of LuaTeX-ja
 (/usr/share/texlive/texmf-dist/tex/luatex/luatexbase/luatexbase.sty
Package: luatexbase 2015/10/04 v1.3 luatexbase interface to LuaTeX 
 (/usr/share/texlive/texmf-dist/tex/luatex/ctablestack/ctablestack.sty
Package: ctablestack 2015/10/01 v1.0 Catcode table stable support
\@catcodetablestackcnt=\count171
)
\CatcodeTableOther=\catcodetable5
\CatcodeTableExpl=\catcodetable6
) (/usr/share/texlive/texmf-dist/tex/generic/ltxcmds/ltxcmds.sty
Package: ltxcmds 2019/12/15 v1.24 LaTeX kernel commands for general use (HO)
) (/usr/share/texlive/texmf-dist/tex/latex/pdftexcmds/pdftexcmds.sty
Package: pdftexcmds 2019/11/24 v0.31 Utility functions of pdfTeX for LuaTeX (HO)
 (/usr/share/texlive/texmf-dist/tex/generic/infwarerr/infwarerr.sty
Package: infwarerr 2019/12/03 v1.5 Providing info/warning/error messages (HO)
) (/usr/share/texlive/texmf-dist/tex/generic/iftex/iftex.sty
Package: iftex 2019/11/07 v1.0c TeX engine tests
)
Package pdftexcmds Info: \pdf@primitive is available.
Package pdftexcmds Info: \pdf@ifprimitive is available.
Package pdftexcmds Info: \pdfdraftmode found.
\pdftexcmds@toks=\toks22
) (/usr/share/texlive/texmf-dist/tex/generic/atbegshi/atbegshi.sty
Package: atbegshi 2019/12/05 v1.19 At begin shipout hook (HO)
)
\AtBeginShipoutBox=\box49
\ltjlineendcomment=\count172
\ltj@dimen@zw=\dimen138
\ltj@dimen@zh=\dimen139
\ltj@dimen@jQ=\dimen140
\ltj@icflag=\attribute6
\ltj@curjfnt=\attribute7
\ltj@curtfnt=\attribute8
\ltj@charclass=\attribute9
\ltj@charcode=\attribute10
\ltj@autospc=\attribute11
\ltj@autoxspc=\attribute12
\ltj@yablshift=\attribute13
\ltj@ykblshift=\attribute14
\ltj@tablshift=\attribute15
\ltj@tkblshift=\attribute16
\jfam=\attribute17
\ltj@vert@ori=\attribute18
\ltj@dir=\attribute19
\ltj@@japanese=\language2
\ltj@tempcnta=\count173
\ltj@kcat0=\attribute20
\ltj@kcat1=\attribute21
\ltj@kcat2=\attribute22
\ltj@kcat3=\attribute23
\ltj@kcat4=\attribute24
\ltj@kcat5=\attribute25
\ltj@kcat6=\attribute26
Custom whatsit inhibitglue = 1
Custom whatsit stack_marker = 2
Custom whatsit begin_par = 3
Custom whatsit direction = 4
Custom whatsit box_boundary = 5
Custom whatsit ja_al_boundary = 6(load cache: /home/xekri/.texlive2019/texmf-var/luatexja/ltj-cid-auto-adobe-japan1.luc)
Lua module: luatexja.charrange 2019/09/26 Handling the range of Japanese characters
Lua module: luatexja.stack 2019/09/26 LuaTeX-ja stack system
Inserting `ltj.create_dir_whatsit' at position 2 in `hpack_filter'.
Inserting `ltj.create_dir_whatsit' at position 1 in `post_linebreak_filter'.
Inserting `ltj.direction' at position 1 in `vpack_filter'.
Inserting `ltj.direction' at position 1 in `pre_output_filter'.
Inserting `ltj.lineskip' at position 2 in `post_linebreak_filter'.
Inserting `ltj.lineskip' at position 1 in `append_to_vlist_filter'.
Lua module: luatexja.jfont 2019/09/26 Loader for Japanese fonts
Removing  `luaotfload.define_font' from `define_font'.
Inserting `luatexja.font_callback' at position 1 in `define_font'.
Removing  `luaotfload.aux.set_sscale_dimens' from `luaotfload.patch_font'.
Removing  `luaotfload.aux.set_font_index' from `luaotfload.patch_font'.
Removing  `luaotfload.aux.patch_cambria_domh' from `luaotfload.patch_font'.
Removing  `luaotfload.aux.set_capheight' from `luaotfload.patch_font'.
Removing  `luaotfload.aux.set_xheight' from `luaotfload.patch_font'.
Removing  `luaotfload.rewrite_fontname' from `luaotfload.patch_font'.
Inserting `ltj.prepare_extra_data' at position 1 in `luaotfload.patch_font'.
Inserting `luaotfload.aux.set_sscale_dimens' at position 2 in `luaotfload.patch_font'.
Inserting `luaotfload.aux.set_font_index' at position 3 in `luaotfload.patch_font'.
Inserting `luaotfload.aux.patch_cambria_domh' at position 4 in `luaotfload.patch_font'.
Inserting `luaotfload.aux.set_capheight' at position 5 in `luaotfload.patch_font'.
Inserting `luaotfload.aux.set_xheight' at position 6 in `luaotfload.patch_font'.
Inserting `luaotfload.rewrite_fontname' at position 7 in `luaotfload.patch_font'.
Inserting `ltj.prepare_extra_data' at position 1 in `luatexja.define_font'.
Inserting `ltj.get_vert_form' at position 1 in `luatexja.define_jfont'.
Removing  `ltj.prepare_extra_data' from `luaotfload.patch_font'.
Removing  `luaotfload.aux.set_sscale_dimens' from `luaotfload.patch_font'.
Removing  `luaotfload.aux.set_font_index' from `luaotfload.patch_font'.
Removing  `luaotfload.aux.patch_cambria_domh' from `luaotfload.patch_font'.
Removing  `luaotfload.aux.set_capheight' from `luaotfload.patch_font'.
Removing  `luaotfload.aux.set_xheight' from `luaotfload.patch_font'.
Removing  `luaotfload.rewrite_fontname' from `luaotfload.patch_font'.
Inserting `ltj.supply_tounicode' at position 1 in `luaotfload.patch_font'.
Inserting `ltj.prepare_extra_data' at position 2 in `luaotfload.patch_font'.
Inserting `luaotfload.aux.set_sscale_dimens' at position 3 in `luaotfload.patch_font'.
Inserting `luaotfload.aux.set_font_index' at position 4 in `luaotfload.patch_font'.
Inserting `luaotfload.aux.patch_cambria_domh' at position 5 in `luaotfload.patch_font'.
Inserting `luaotfload.aux.set_capheight' at position 6 in `luaotfload.patch_font'.
Inserting `luaotfload.aux.set_xheight' at position 7 in `luaotfload.patch_font'.
Inserting `luaotfload.rewrite_fontname' at position 8 in `luaotfload.patch_font'.
Inserting `ltj.process_input_buffer' at position 1 in `process_input_buffer'.
Inserting `ltj.hyphenate' at position 1 in `hyphenate'.
Removing  `luaotfload.node_processor' from `hpack_filter'.
Removing  `ltj.create_dir_whatsit' from `hpack_filter'.
Inserting `ltj.set_stack_level' at position 1 in `hpack_filter'.
Inserting `luaotfload.node_processor' at position 2 in `hpack_filter'.
Inserting `ltj.create_dir_whatsit' at position 3 in `hpack_filter'.
Removing  `luaotfload.node_processor' from `pre_linebreak_filter'.
Inserting `ltj.set_stack_level' at position 1 in `pre_linebreak_filter'.
Inserting `luaotfload.node_processor' at position 2 in `pre_linebreak_filter'.
Lua module: luatexja.jfmglue 2020/01/23 Insertion process of JFM glues, [x]kanjiskip and others
Inserting `luatexja.beginpar.np_info' at position 1 in `luatexja.jfmglue.whatsit_getinfo'.
Inserting `luatexja.beginpar.np_info_after' at position 1 in `luatexja.jfmglue.whatsit_after'.
Inserting `ltj.mlist_to_hlist_pre' at position 1 in `pre_mlist_to_hlist_filter'.
Inserting `ltj.main' at position 3 in `pre_linebreak_filter'.
Removing  `ltj.create_dir_whatsit' from `hpack_filter'.
Inserting `ltj.main' at position 3 in `hpack_filter'.
Inserting `ltj.create_dir_whatsit' at position 4 in `hpack_filter'.
Removing  `ltj.set_stack_level' from `pre_linebreak_filter'.
Removing  `luaotfload.node_processor' from `pre_linebreak_filter'.
Removing  `ltj.main' from `pre_linebreak_filter'.
Inserting `ltj.adjust_icflag' at position 1 in `pre_linebreak_filter'.
Inserting `ltj.set_stack_level' at position 2 in `pre_linebreak_filter'.
Inserting `luaotfload.node_processor' at position 3 in `pre_linebreak_filter'.
Inserting `ltj.main' at position 4 in `pre_linebreak_filter'.
Removing  `ltj.set_stack_level' from `hpack_filter'.
Removing  `luaotfload.node_processor' from `hpack_filter'.
Removing  `ltj.main' from `hpack_filter'.
Removing  `ltj.create_dir_whatsit' from `hpack_filter'.
Inserting `ltj.adjust_icflag' at position 1 in `hpack_filter'.
Inserting `ltj.set_stack_level' at position 2 in `hpack_filter'.
Inserting `luaotfload.node_processor' at position 3 in `hpack_filter'.
Inserting `ltj.main' at position 4 in `hpack_filter'.
Inserting `ltj.create_dir_whatsit' at position 5 in `hpack_filter'. (/usr/share/texlive/texmf-dist/tex/luatex/luatexja/ltj-base.sty
Package: ltj-base 2017/05/05
\ltj@tempcntb=\count174
\ltj@tempcntc=\count175
\ltj@tempdima=\dimen141
\ltj@afbox=\box50
)
\ltj@@italic@inner=\luafunction1
\ltj@@jfont@inner=\luafunction2
\ltj@zw@inner=\luafunction3
\ltj@zh@inner=\luafunction4
\ltj@reset@globaldefs@inner=\luafunction5
\ltj@restore@globaldefs@inner=\luafunction6
\ltj@@ihb@inner=\luafunction7
\ltj@@fakeparbegin@inner=\luafunction8
\ltj@@fakeboxbdd@inner=\luafunction9
\ltj@@stack=\count176
\ltj@@group@level=\count177
\ltjsetkanjiskip@inner=\luafunction10
\ltjsetxkanjiskip@inner=\luafunction11
\ltj@alljachar@inner=\luafunction12
\ltj@@box@dirhook=\luafunction13
\ltj@@reset@badness@inner=\luafunction14
 (/usr/share/texlive/texmf-dist/tex/luatex/luatexja/ltj-latex.sty
Package: ltj-latex 2019/09/26 LaTeX support of LuaTeX-ja
 (/usr/share/texlive/texmf-dist/tex/luatex/luatexja/patches/lltjfont.sty
Package: lltjfont 2020/02/07 Patch to NFSS2 for LuaTeX-ja
 (/usr/share/texlive/texmf-dist/tex/latex/base/tuenc.def
File: tuenc.def 2020/02/11 v2.0o Standard LaTeX file
LaTeX Font Info:    Redeclaring font encoding TU on input line 82.
)
\Cht=\dimen142
\cht=\dimen143
\Cdp=\dimen144
\cdp=\dimen145
\Cwd=\dimen146
\cwd=\dimen147
\Cvs=\dimen148
\cvs=\dimen149
\Chs=\dimen150
\chs=\dimen151
\cHT=\dimen152
\dstrutbox=\box51
\tstrutbox=\box52
\zstrutbox=\box53
LaTeX Info: Redefining \strut on input line 67.
 (/usr/share/texlive/texmf-dist/tex/latex/ms/everysel.sty
Package: everysel 2011/10/28 v1.2 EverySelectfont Package (MS)
) ABD: EverySelectfont initializing macros
LaTeX Info: Redefining \selectfont on input line 317.
\ltj@@adjust@baseline@inner=\luafunction15
LaTeX Info: Redefining \fontencoding on input line 493.
LaTeX Info: Redefining \fontfamily on input line 538.
LaTeX Info: Redefining \fontseriesforce on input line 575.
LaTeX Info: Redefining \fontshapeforce on input line 578.
LaTeX Info: Redefining \fontseries on input line 642.
LaTeX Info: Redefining \fontshape on input line 646.
LaTeX Info: Redefining \normalfont on input line 675.
LaTeX Info: Redefining \bfseries on input line 697.
LaTeX Info: Redefining \mdseries on input line 716.
) (/usr/share/texlive/texmf-dist/tex/luatex/luatexja/patches/lltjdefs.sty
Package: lltjdefs 2020/02/07 Default font settings of LuaTeX-ja
luaotfload | db : Font names database loaded from /home/xekri/.texlive2019/texmf-var/luatex-cache/generic-dev/names/luaotfload-names.luc
LaTeX Font Info:    Font shape `JT3/mc/m/n' will be
(Font)              scaled to size 9.6222pt on input line 71.

(/usr/share/texlive/texmf-dist/tex/luatex/jlreq/jfm-jlreqv.lua)
LaTeX Font Info:    Font shape `JY3/mc/m/n' will be
(Font)              scaled to size 9.6222pt on input line 71.
luaotfload | cache : Lookup cache loaded from /home/xekri/.texlive2019/texmf-var/luatex-cache/generic-dev/names/luaotfload-lookup-cache.luc.
(/usr/share/texlive/texmf-dist/tex/luatex/jlreq/jfm-jlreq.lua)
\symmincho=\mathgroup4
LaTeX Font Info:    Overwriting symbol font `mincho' in version `bold'
(Font)                  JY3/mc/m/n --> JY3/gt/m/n on input line 81.
) (/usr/share/texlive/texmf-dist/tex/luatex/luatexja/patches/lltjcore.sty
Package: lltjcore 2019/09/26 Patch to LaTeX2e Kernel for LuaTeX-ja
\@tombowwidth=\dimen153
\@TL=\box54
\@Tl=\box55
\@TC=\box56
\@TR=\box57
\@Tr=\box58
\@BL=\box59
\@Bl=\box60
\@BC=\box61
\@BR=\box62
\@Br=\box63
\@CL=\box64
\@CR=\box65
\@bannertoken=\toks23
\@@paperheight=\dimen154
\@@paperwidth=\dimen155
\@@topmargin=\dimen156
LaTeX Info: Redefining \underline on input line 237.
LaTeX Info: Redefining \AtBeginDvi on input line 243.
) (/usr/share/texlive/texmf-dist/tex/luatex/luatexja/patches/lltjp-geometry.sty
Package: lltjp-geometry 2018/01/19 Patch to geometry for LuaTeX-ja with vertical writing mode
 (/usr/share/texlive/texmf-dist/tex/generic/iftex/ifluatex.sty
Package: ifluatex 2019/10/25 v1.5 ifluatex legacy package. Use iftex instead.
)))
\ltj@temp@cctb=\catcodetable7
) (/usr/share/texlive/texmf-dist/tex/luatex/luatexja/luatexja-compat.sty
Package: luatexja-compat 2018/03/29 Compatibility with pTeX
(load cache: /home/xekri/.texlive2019/texmf-var/luatexja/ltj-jisx0208.luc)
\hour=\count178
\minute=\count179
)) (/usr/share/texlive/texmf-dist/tex/luatex/luatexja/addons/luatexja-adjust.sty
Package: luatexja-adjust 2018/07/24
\ltjadj@status@le=\count180
\ltjadj@status@lp=\count181
\ltjadj@status@pr=\count182
\ltjadj@status@ls=\count183
Removing  `ltj.create_dir_whatsit' from `post_linebreak_filter'.
Removing  `ltj.lineskip' from `post_linebreak_filter'.
Inserting `Adjust width' at position 1 in `post_linebreak_filter'.
Inserting `ltj.create_dir_whatsit' at position 2 in `post_linebreak_filter'.
Inserting `ltj.lineskip' at position 3 in `post_linebreak_filter'.)
Inserting `luatexja.adjust' at position 1 in `luatexja.adjust_jfmglue'.
\jlreq@current@linewidth=\dimen157
\jlreq@rest@linewidth=\dimen158
\jlreq@lastnodechar=\count184
\jlreq@fontsize=\dimen159
\jlreq@jafontsize=\dimen160
 (/usr/share/texmf/tex/latex/lm/lmodern.sty
Package: lmodern 2009/10/30 v1.6 Latin Modern Fonts
LaTeX Font Info:    Overwriting symbol font `operators' in version `normal'
(Font)                  OT1/cmr/m/n --> OT1/lmr/m/n on input line 22.
LaTeX Font Info:    Overwriting symbol font `letters' in version `normal'
(Font)                  OML/cmm/m/it --> OML/lmm/m/it on input line 23.
LaTeX Font Info:    Overwriting symbol font `symbols' in version `normal'
(Font)                  OMS/cmsy/m/n --> OMS/lmsy/m/n on input line 24.
LaTeX Font Info:    Overwriting symbol font `largesymbols' in version `normal'
(Font)                  OMX/cmex/m/n --> OMX/lmex/m/n on input line 25.
LaTeX Font Info:    Overwriting symbol font `operators' in version `bold'
(Font)                  OT1/cmr/bx/n --> OT1/lmr/bx/n on input line 26.
LaTeX Font Info:    Overwriting symbol font `letters' in version `bold'
(Font)                  OML/cmm/b/it --> OML/lmm/b/it on input line 27.
LaTeX Font Info:    Overwriting symbol font `symbols' in version `bold'
(Font)                  OMS/cmsy/b/n --> OMS/lmsy/b/n on input line 28.
LaTeX Font Info:    Overwriting symbol font `largesymbols' in version `bold'
(Font)                  OMX/cmex/m/n --> OMX/lmex/m/n on input line 29.
LaTeX Font Info:    Overwriting math alphabet `\mathbf' in version `normal'
(Font)                  OT1/cmr/bx/n --> OT1/lmr/bx/n on input line 31.
LaTeX Font Info:    Overwriting math alphabet `\mathsf' in version `normal'
(Font)                  OT1/cmss/m/n --> OT1/lmss/m/n on input line 32.
LaTeX Font Info:    Overwriting math alphabet `\mathit' in version `normal'
(Font)                  OT1/cmr/m/it --> OT1/lmr/m/it on input line 33.
LaTeX Font Info:    Overwriting math alphabet `\mathtt' in version `normal'
(Font)                  OT1/cmtt/m/n --> OT1/lmtt/m/n on input line 34.
LaTeX Font Info:    Overwriting math alphabet `\mathbf' in version `bold'
(Font)                  OT1/cmr/bx/n --> OT1/lmr/bx/n on input line 35.
LaTeX Font Info:    Overwriting math alphabet `\mathsf' in version `bold'
(Font)                  OT1/cmss/bx/n --> OT1/lmss/bx/n on input line 36.
LaTeX Font Info:    Overwriting math alphabet `\mathit' in version `bold'
(Font)                  OT1/cmr/bx/it --> OT1/lmr/bx/it on input line 37.
LaTeX Font Info:    Overwriting math alphabet `\mathtt' in version `bold'
(Font)                  OT1/cmtt/m/n --> OT1/lmtt/m/n on input line 38.
)
LaTeX Font Info:    Font shape `JY3/mc/m/n' will be
(Font)              scaled to size 10.0pt on input line 1069.
\jlreq@baselineskip=\dimen161
\jlreq@omotekeiwidth=\dimen162
\jlreq@chuubusokeiwidth=\dimen163
\jlreq@urakeiwidth=\dimen164
\jlreq@footnoteindent=\dimen165
\jlreq@sidenote@length=\dimen166
\jlreq@sidenote@sep=\dimen167
LaTeX Font Info:    Font shape `JT3/mc/m/n' will be
(Font)              scaled to size 8.00003pt on input line 1260.
LaTeX Font Info:    Font shape `JY3/mc/m/n' will be
(Font)              scaled to size 8.00003pt on input line 1260.
\jlreq@BlockHeading@start@label@box=\box66
\jlreq@BlockHeading@spaces@current@count=\count185
\c@part=\count186
\c@section=\count187
\c@subsection=\count188
\c@subsubsection=\count189
\c@paragraph=\count190
\c@subparagraph=\count191
\jlreq@endnote@prepostspace=\dimen168
\jlreq@endnote@indent=\dimen169
\jlreq@PageStyle@box=\box67
\abovecaptionskip=\skip51
\belowcaptionskip=\skip52
\c@figure=\count192
\c@table=\count193
\jlreq@abstractbox=\box68
\toclineskip=\skip53
\@lnumwidth=\dimen170
\jlreq@top@contents=\count194
\bibindent=\dimen171
LaTeX Font Info:    Font shape `JT3/mc/m/n' will be
(Font)              scaled to size 8.99994pt on input line 5754.
LaTeX Font Info:    Font shape `JY3/mc/m/n' will be
(Font)              scaled to size 8.99994pt on input line 5754.
) (/usr/share/texlive/texmf-dist/tex/luatex/luatexja/addons/luatexja-preset.sty
Package: luatexja-preset 2020/01/26 Japanese font presets
 (/usr/share/texlive/texmf-dist/tex/latex/l3kernel/expl3.sty
Package: expl3 2020-02-14 L3 programming layer (loader) 
 (/usr/share/texlive/texmf-dist/tex/latex/l3backend/l3backend-pdfmode.def
File: l3backend-pdfmode.def 2020-02-03 L3 backend support: PDF mode
\l__kernel_color_stack_int=\count195
\l__pdf_internal_box=\box69
)) (/usr/share/texlive/texmf-dist/tex/latex/l3packages/l3keys2e/l3keys2e.sty
Package: l3keys2e 2020-02-14 LaTeX2e option processing using LaTeX3 keys
)
\g__ltjpreset_applycount_int=\count196
 (/usr/share/texlive/texmf-dist/tex/luatex/luatexja/addons/luatexja-fontspec.sty
Package: luatexja-fontspec 2019/09/26 fontspec support of LuaTeX-ja
LaTeX Font Info:    Font shape `JT3/mc/m/n' will be
(Font)              scaled to size 16.0pt on input line 16.
LaTeX Font Info:    Font shape `JY3/mc/m/n' will be
(Font)              scaled to size 16.0pt on input line 16.
 (/usr/share/texlive/texmf-dist/tex/latex/fontspec/fontspec.sty (/usr/share/texlive/texmf-dist/tex/latex/l3packages/xparse/xparse.sty
Package: xparse 2020-02-14 L3 Experimental document command parser
\l__xparse_current_arg_int=\count197
\g__xparse_grabber_int=\count198
\l__xparse_m_args_int=\count199
\l__xparse_v_nesting_int=\count266
)
Package: fontspec 2020/02/03 v2.7h Font selection for XeLaTeX and LuaLaTeX
Lua module: fontspec 2020/02/03 2.7h Font selection for XeLaTeX and LuaLaTeX (/usr/share/texlive/texmf-dist/tex/latex/fontspec/fontspec-luatex.sty
Package: fontspec-luatex 2020/02/03 v2.7h Font selection for XeLaTeX and LuaLaTeX
\l__fontspec_script_int=\count267
\l__fontspec_language_int=\count268
\l__fontspec_strnum_int=\count269
\l__fontspec_tmp_int=\count270
\l__fontspec_tmpa_int=\count271
\l__fontspec_tmpb_int=\count272
\l__fontspec_tmpc_int=\count273
\l__fontspec_em_int=\count274
\l__fontspec_emdef_int=\count275
\l__fontspec_strong_int=\count276
\l__fontspec_strongdef_int=\count277
\l__fontspec_tmpa_dim=\dimen172
\l__fontspec_tmpb_dim=\dimen173
\l__fontspec_tmpc_dim=\dimen174
 (/usr/share/texlive/texmf-dist/tex/latex/base/fontenc.sty
Package: fontenc 2020/02/11 v2.0o Standard LaTeX package
) (/usr/share/texlive/texmf-dist/tex/latex/fontspec/fontspec.cfg)
LaTeX Font Info:    Font shape `JT3/mc/b/n' in size <10> not available
(Font)              Font shape `JT3/gt/m/n' tried instead on input line 3907.
LaTeX Font Info:    Font shape `JT3/gt/m/n' will be
(Font)              scaled to size 10.0pt on input line 3907.
LaTeX Font Info:    Font shape `JY3/mc/b/n' in size <10> not available
(Font)              Font shape `JY3/gt/m/n' tried instead on input line 3907.
LaTeX Font Info:    Font shape `JY3/gt/m/n' will be
(Font)              scaled to size 10.0pt on input line 3907.
)) (/usr/share/texlive/texmf-dist/tex/luatex/luatexja/patches/lltjp-fontspec.sty) (/usr/share/texlive/texmf-dist/tex/luatex/luatexja/addons/luatexja-fontspec-27c.sty
Package: luatexja-fontspec-27c 2020/01/26 fontspec support of LuaTeX-ja
\g__ltj_fontspec_altnumber_int=\count278
))

Package luatexja-preset Warning: Japanese fonts will be scaled by 1.


Package luatexja-fontspec Warning: \addjfontfeature(s) ignored;
(luatexja-fontspec)                it cannot be used with a font that wasn't
(luatexja-fontspec)                selected by luatexja-fontspec.


Package fontspec Info: Could not resolve font "NotoSerifCJKJPBold/I" (it
(fontspec)             probably doesn't exist).


Package fontspec Info: Could not resolve font "NotoSerifCJKJPRegular/BI" (it
(fontspec)             probably doesn't exist).


Package fontspec Info: Could not resolve font "NotoSerifCJKJPRegular/I" (it
(fontspec)             probably doesn't exist).


Package fontspec Info: Font family 'NotoSerifCJKJPRegular(0)' created for font
(fontspec)             'Noto Serif CJK JP Regular' with options
(fontspec)             [YokoFeatures={JFM=jlreq},TateFeatures={JFM=jlreqv},Scale=1,Kerning=Off,Script=CJK,FontFace={l}{n}{Font=Noto
(fontspec)             Serif CJK JP Light,},BoldFont=Noto Serif CJK JP
(fontspec)             Bold,YokoFeatures={JFM=jlreq},TateFeatures={JFM=jlreqv},Script=CJK].
(fontspec)              
(fontspec)              This font family consists of the following NFSS
(fontspec)             series/shapes:
(fontspec)              

LaTeX Font Info:    Redeclaring symbol font `mincho' on input line 716.
LaTeX Font Info:    Overwriting symbol font `mincho' in version `normal'
(Font)                  JY3/mc/m/n --> JY3/NotoSerifCJKJPRegular(0)/m/n on input line 716.
LaTeX Font Info:    Overwriting symbol font `mincho' in version `bold'
(Font)                  JY3/gt/m/n --> JY3/NotoSerifCJKJPRegular(0)/m/n on input line 716.
LaTeX Font Info:    Overwriting symbol font `mincho' in version `bold'
(Font)                  JY3/NotoSerifCJKJPRegular(0)/m/n --> JY3/NotoSerifCJKJPRegular(0)/b/n on input line 716.
LaTeX Font Info:    Font shape `JT3/NotoSerifCJKJPRegular(0)/m/n' will be
(Font)              scaled to size 10.0pt on input line 716.
LaTeX Font Info:    Font shape `JY3/NotoSerifCJKJPRegular(0)/m/n' will be
(Font)              scaled to size 10.0pt on input line 716.

Package fontspec Info: Could not resolve font "NotoSansCJKJPBold/I" (it
(fontspec)             probably doesn't exist).


Package fontspec Info: Could not resolve font "NotoSansCJKJPRegular/BI" (it
(fontspec)             probably doesn't exist).


Package fontspec Info: Could not resolve font "NotoSansCJKJPRegular/I" (it
(fontspec)             probably doesn't exist).


Package fontspec Info: Font family 'NotoSansCJKJPRegular(0)' created for font
(fontspec)             'Noto Sans CJK JP Regular' with options
(fontspec)             [YokoFeatures={JFM=jlreq},TateFeatures={JFM=jlreqv},Scale=1,Kerning=Off,Script=CJK,FontFace={eb}{n}{Font=Noto
(fontspec)             Sans CJK JP Black,},BoldFont=Noto Sans CJK JP
(fontspec)             Bold,YokoFeatures={JFM=jlreq},TateFeatures={JFM=jlreqv},Script=CJK].
(fontspec)              
(fontspec)              This font family consists of the following NFSS
(fontspec)             series/shapes:
(fontspec)              

LaTeX Font Info:    Redeclaring math alphabet \mathgt on input line 716.
LaTeX Font Info:    Overwriting math alphabet `\mathgt' in version `normal'
(Font)                  JY3/gt/m/n --> JY3/NotoSansCJKJPRegular(0)/m/n on input line 716.
LaTeX Font Info:    Overwriting math alphabet `\mathgt' in version `bold'
(Font)                  JY3/gt/m/n --> JY3/NotoSansCJKJPRegular(0)/m/n on input line 716.

Package fontspec Info: Could not resolve font "NotoSansCJKJPBlack/I" (it
(fontspec)             probably doesn't exist).


Package fontspec Info: Could not resolve font "NotoSansCJKJPBlack/BI" (it
(fontspec)             probably doesn't exist).


Package fontspec Info: Could not resolve font "NotoSansCJKJPBlack/I" (it
(fontspec)             probably doesn't exist).


Package fontspec Info: Font family 'NotoSansCJKJPBlack(0)' created for font
(fontspec)             'Noto Sans CJK JP Black' with options
(fontspec)             [YokoFeatures={JFM=jlreq},TateFeatures={JFM=jlreqv},Scale=1,Kerning=Off,Script=CJK,BoldFont=Noto
(fontspec)             Sans CJK JP
(fontspec)             Black,YokoFeatures={JFM=jlreq},TateFeatures={JFM=jlreqv},Script=CJK].
(fontspec)              
(fontspec)              This font family consists of the following NFSS
(fontspec)             series/shapes:
(fontspec)              

)
luaotfload | aux : font no 56 (nil) defines no feature for script latn

Package fontspec Info: Could not resolve font "NotoSerifDevanagari/BI" (it
(fontspec)             probably doesn't exist).


Package fontspec Info: Could not resolve font "NotoSerifDevanagari/I" (it
(fontspec)             probably doesn't exist).

luaotfload | aux : font no 56 (nil) does not define feature smcp for script dflt with language dflt
luaotfload | aux : font no 59 (nil) does not define feature smcp for script dflt with language dflt

Package fontspec Info: Font family 'NotoSerifDevanagari(0)' created for font
(fontspec)             'Noto Serif Devanagari' with options [Ligatures=TeX].
(fontspec)              
(fontspec)              This font family consists of the following NFSS
(fontspec)             series/shapes:
(fontspec)              
(fontspec)             - 'normal' (m/n) with NFSS spec.:
(fontspec)             <->"NotoSerifDevanagari:mode=node;script=DFLT;language=dflt;+tlig;"
(fontspec)             - 'small caps'  (m/sc) with NFSS spec.: 
(fontspec)             - 'bold' (b/n) with NFSS spec.:
(fontspec)             <->"NotoSerifDevanagari/B:mode=node;script=DFLT;language=dflt;+tlig;"
(fontspec)             - 'bold small caps'  (b/sc) with NFSS spec.: 

 (/usr/share/texlive/texmf-dist/tex/latex/multirow/multirow.sty
Package: multirow 2019/05/31 v2.5 Span multiple rows of a table
\multirow@colwidth=\skip54
\multirow@cntb=\count279
\multirow@dima=\skip55
\bigstrutjot=\dimen175
) (/usr/share/texlive/texmf-dist/tex/latex/float/float.sty
Package: float 2001/11/08 v1.3d Float enhancements (AL)
\c@float@type=\count280
\float@exts=\toks24
\float@box=\box70
\@float@everytoks=\toks25
\@floatcapt=\box71
) (./main.aux)
\openout1 = main.aux

LaTeX Font Info:    Checking defaults for OML/cmm/m/it on input line 10.
LaTeX Font Info:    ... okay on input line 10.
LaTeX Font Info:    Checking defaults for OMS/cmsy/m/n on input line 10.
LaTeX Font Info:    ... okay on input line 10.
LaTeX Font Info:    Checking defaults for OT1/cmr/m/n on input line 10.
LaTeX Font Info:    ... okay on input line 10.
LaTeX Font Info:    Checking defaults for T1/cmr/m/n on input line 10.
LaTeX Font Info:    ... okay on input line 10.
LaTeX Font Info:    Checking defaults for TS1/cmr/m/n on input line 10.
LaTeX Font Info:    Trying loading font information for TS1+cmr on input line 10.
 (/usr/share/texlive/texmf-dist/tex/latex/base/ts1cmr.fd
File: ts1cmr.fd 2019/12/16 v2.5j Standard LaTeX font definitions
)
LaTeX Font Info:    ... okay on input line 10.
LaTeX Font Info:    Checking defaults for TU/lmr/m/n on input line 10.
LaTeX Font Info:    ... okay on input line 10.
LaTeX Font Info:    Checking defaults for OMX/cmex/m/n on input line 10.
LaTeX Font Info:    ... okay on input line 10.
LaTeX Font Info:    Checking defaults for U/cmr/m/n on input line 10.
LaTeX Font Info:    ... okay on input line 10.
LaTeX Font Info:    Checking defaults for JY3/mc/m/n on input line 10.
LaTeX Font Info:    ... okay on input line 10.
LaTeX Font Info:    Checking defaults for JT3/mc/m/n on input line 10.
LaTeX Font Info:    ... okay on input line 10.
 ABD: EverySelectfont initializing macros
LaTeX Info: Redefining \selectfont on input line 10.
LaTeX Font Info:    Font shape `JT3/NotoSerifCJKJPRegular(0)/m/n' will be
(Font)              scaled to size 17.0pt on input line 11.
LaTeX Font Info:    Font shape `JY3/NotoSerifCJKJPRegular(0)/m/n' will be
(Font)              scaled to size 17.0pt on input line 11.
LaTeX Font Info:    Font shape `JT3/NotoSerifCJKJPRegular(0)/m/n' will be
(Font)              scaled to size 12.0pt on input line 11.
LaTeX Font Info:    Font shape `JY3/NotoSerifCJKJPRegular(0)/m/n' will be
(Font)              scaled to size 12.0pt on input line 11.
LaTeX Font Info:    Trying loading font information for OT1+lmr on input line 11.
 (/usr/share/texmf/tex/latex/lm/ot1lmr.fd
File: ot1lmr.fd 2009/10/30 v1.6 Font defs for Latin Modern
)
LaTeX Font Info:    Trying loading font information for OML+lmm on input line 11.
 (/usr/share/texmf/tex/latex/lm/omllmm.fd
File: omllmm.fd 2009/10/30 v1.6 Font defs for Latin Modern
)
LaTeX Font Info:    Trying loading font information for OMS+lmsy on input line 11.
 (/usr/share/texmf/tex/latex/lm/omslmsy.fd
File: omslmsy.fd 2009/10/30 v1.6 Font defs for Latin Modern
)
LaTeX Font Info:    Trying loading font information for OMX+lmex on input line 11.
 (/usr/share/texmf/tex/latex/lm/omxlmex.fd
File: omxlmex.fd 2009/10/30 v1.6 Font defs for Latin Modern
)
LaTeX Font Info:    External font `lmex10' loaded for size
(Font)              <12> on input line 11.
LaTeX Font Info:    External font `lmex10' loaded for size
(Font)              <8> on input line 11.
LaTeX Font Info:    External font `lmex10' loaded for size
(Font)              <6> on input line 11.
LaTeX Font Info:    Font shape `JY3/NotoSerifCJKJPRegular(0)/m/n' will be
(Font)              scaled to size 8.0pt on input line 11.
LaTeX Font Info:    Font shape `JY3/NotoSerifCJKJPRegular(0)/m/n' will be
(Font)              scaled to size 6.0pt on input line 11.
LaTeX Font Info:    Font shape `JT3/NotoSerifCJKJPRegular(0)/m/n' will be
(Font)              scaled to size 14.0pt on input line 14.
LaTeX Font Info:    Font shape `JY3/NotoSerifCJKJPRegular(0)/m/n' will be
(Font)              scaled to size 14.0pt on input line 14.
LaTeX Font Info:    Font shape `JT3/NotoSansCJKJPRegular(0)/m/n' will be
(Font)              scaled to size 14.0pt on input line 14.
LaTeX Font Info:    Font shape `JY3/NotoSansCJKJPRegular(0)/m/n' will be
(Font)              scaled to size 14.0pt on input line 14.
LaTeX Font Info:    Font shape `JT3/NotoSansCJKJPRegular(0)/b/n' will be
(Font)              scaled to size 14.0pt on input line 14.
LaTeX Font Info:    Font shape `JY3/NotoSansCJKJPRegular(0)/b/n' will be
(Font)              scaled to size 14.0pt on input line 14.
LaTeX Font Info:    Font shape `JT3/NotoSansCJKJPRegular(0)/m/n' will be
(Font)              scaled to size 12.0pt on input line 15.
LaTeX Font Info:    Font shape `JY3/NotoSansCJKJPRegular(0)/m/n' will be
(Font)              scaled to size 12.0pt on input line 15.
LaTeX Font Info:    Font shape `JT3/NotoSansCJKJPRegular(0)/b/n' will be
(Font)              scaled to size 12.0pt on input line 15.
LaTeX Font Info:    Font shape `JY3/NotoSansCJKJPRegular(0)/b/n' will be
(Font)              scaled to size 12.0pt on input line 15.
LaTeX Font Info:    External font `lmex10' loaded for size
(Font)              <10> on input line 17.
LaTeX Font Info:    External font `lmex10' loaded for size
(Font)              <7> on input line 17.
LaTeX Font Info:    External font `lmex10' loaded for size
(Font)              <5> on input line 17.
LaTeX Font Info:    Font shape `JY3/NotoSerifCJKJPRegular(0)/m/n' will be
(Font)              scaled to size 7.0pt on input line 17.
LaTeX Font Info:    Font shape `JY3/NotoSerifCJKJPRegular(0)/m/n' will be
(Font)              scaled to size 5.0pt on input line 17.
LaTeX Font Info:    Font shape `JT3/NotoSerifCJKJPRegular(0)/m/n' will be
(Font)              scaled to size 8.99994pt on input line 21.
LaTeX Font Info:    Font shape `JY3/NotoSerifCJKJPRegular(0)/m/n' will be
(Font)              scaled to size 8.99994pt on input line 21.
LaTeX Font Info:    Font shape `JT3/NotoSansCJKJPRegular(0)/m/n' will be
(Font)              scaled to size 8.99994pt on input line 21.
LaTeX Font Info:    Font shape `JY3/NotoSansCJKJPRegular(0)/m/n' will be
(Font)              scaled to size 8.99994pt on input line 21.
LaTeX Font Info:    Font shape `JT3/NotoSansCJKJPRegular(0)/b/n' will be
(Font)              scaled to size 8.99994pt on input line 21.
LaTeX Font Info:    Font shape `JY3/NotoSansCJKJPRegular(0)/b/n' will be
(Font)              scaled to size 8.99994pt on input line 21.

Overfull \hbox (20.00015pt too wide) in paragraph at lines 24--30
 [][][][] 
 []


Overfull \hbox (20.00015pt too wide) in paragraph at lines 24--30
[] [][][][] 
 []


Overfull \hbox (20.00015pt too wide) in paragraph at lines 71--77
 [][][][] 
 []


Overfull \hbox (20.00015pt too wide) in paragraph at lines 71--77
[] [][][][] 
 []

[1

{/var/lib/texmf/fonts/map/pdftex/updmap/pdftex.map}
Missing character: There is no a (U+0061) in font NotoSerifDevanagari:mode=node;script=DFLT;language=dflt;+tlig;!
Missing character: There is no i (U+0069) in font NotoSerifDevanagari:mode=node;script=DFLT;language=dflt;+tlig;!
Missing character: There is no u (U+0075) in font NotoSerifDevanagari:mode=node;script=DFLT;language=dflt;+tlig;!
Missing character: There is no e (U+0065) in font NotoSerifDevanagari:mode=node;script=DFLT;language=dflt;+tlig;!
Missing character: There is no o (U+006F) in font NotoSerifDevanagari:mode=node;script=DFLT;language=dflt;+tlig;!
Missing character: There is no k (U+006B) in font NotoSerifDevanagari:mode=node;script=DFLT;language=dflt;+tlig;!
Missing character: There is no g (U+0067) in font NotoSerifDevanagari:mode=node;script=DFLT;language=dflt;+tlig;!
Missing character: There is no s (U+0073) in font NotoSerifDevanagari:mode=node;script=DFLT;language=dflt;+tlig;!
Missing character: There is no t (U+0074) in font NotoSerifDevanagari:mode=node;script=DFLT;language=dflt;+tlig;!
Missing character: There is no n (U+006E) in font NotoSerifDevanagari:mode=node;script=DFLT;language=dflt;+tlig;!
Missing character: There is no p (U+0070) in font NotoSerifDevanagari:mode=node;script=DFLT;language=dflt;+tlig;!
Missing character: There is no m (U+006D) in font NotoSerifDevanagari:mode=node;script=DFLT;language=dflt;+tlig;!
Missing character: There is no j (U+006A) in font NotoSerifDevanagari:mode=node;script=DFLT;language=dflt;+tlig;!
Missing character: There is no l (U+006C) in font NotoSerifDevanagari:mode=node;script=DFLT;language=dflt;+tlig;!
Missing character: There is no v (U+0076) in font NotoSerifDevanagari:mode=node;script=DFLT;language=dflt;+tlig;!
Missing character: There is no c (U+0063) in font NotoSerifDevanagari:mode=node;script=DFLT;language=dflt;+tlig;!
Missing character: There is no z (U+007A) in font NotoSerifDevanagari:mode=node;script=DFLT;language=dflt;+tlig;!
Missing character: There is no d (U+0064) in font NotoSerifDevanagari:mode=node;script=DFLT;language=dflt;+tlig;!
Missing character: There is no n (U+006E) in font NotoSerifDevanagari:mode=node;script=DFLT;language=dflt;+tlig;!
Missing character: There is no b (U+0062) in font NotoSerifDevanagari:mode=node;script=DFLT;language=dflt;+tlig;!
Missing character: There is no g (U+0067) in font NotoSerifDevanagari:mode=node;script=DFLT;language=dflt;+tlig;!
Missing character: There is no ŋ (U+014B) in font NotoSerifDevanagari:mode=node;script=DFLT;language=dflt;+tlig;!
]

LaTeX Warning: `h' float specifier changed to `ht'.


LaTeX Warning: `h' float specifier changed to `ht'.


LaTeX Warning: `h' float specifier changed to `ht'.


LaTeX Warning: `h' float specifier changed to `ht'.


LaTeX Warning: `h' float specifier changed to `ht'.

[2
Missing character: There is no a (U+0061) in font NotoSerifDevanagari:mode=node;script=DFLT;language=dflt;+tlig;!
Missing character: There is no z (U+007A) in font NotoSerifDevanagari:mode=node;script=DFLT;language=dflt;+tlig;!
Missing character: There is no l (U+006C) in font NotoSerifDevanagari:mode=node;script=DFLT;language=dflt;+tlig;!
Missing character: There is no a (U+0061) in font NotoSerifDevanagari:mode=node;script=DFLT;language=dflt;+tlig;!
Missing character: There is no l (U+006C) in font NotoSerifDevanagari:mode=node;script=DFLT;language=dflt;+tlig;!
Missing character: There is no s (U+0073) in font NotoSerifDevanagari:mode=node;script=DFLT;language=dflt;+tlig;!
Missing character: There is no a (U+0061) in font NotoSerifDevanagari:mode=node;script=DFLT;language=dflt;+tlig;!
Missing character: There is no s (U+0073) in font NotoSerifDevanagari:mode=node;script=DFLT;language=dflt;+tlig;!
Missing character: There is no a (U+0061) in font NotoSerifDevanagari:mode=node;script=DFLT;language=dflt;+tlig;!
Missing character: There is no m (U+006D) in font NotoSerifDevanagari:mode=node;script=DFLT;language=dflt;+tlig;!
Missing character: There is no i (U+0069) in font NotoSerifDevanagari:mode=node;script=DFLT;language=dflt;+tlig;!
Missing character: There is no k (U+006B) in font NotoSerifDevanagari:mode=node;script=DFLT;language=dflt;+tlig;!
Missing character: There is no e (U+0065) in font NotoSerifDevanagari:mode=node;script=DFLT;language=dflt;+tlig;!
Missing character: There is no l (U+006C) in font NotoSerifDevanagari:mode=node;script=DFLT;language=dflt;+tlig;!
Missing character: There is no i (U+0069) in font NotoSerifDevanagari:mode=node;script=DFLT;language=dflt;+tlig;!
Missing character: There is no n (U+006E) in font NotoSerifDevanagari:mode=node;script=DFLT;language=dflt;+tlig;!
Missing character: There is no i (U+0069) in font NotoSerifDevanagari:mode=node;script=DFLT;language=dflt;+tlig;!
Missing character: There is no t (U+0074) in font NotoSerifDevanagari:mode=node;script=DFLT;language=dflt;+tlig;!
Missing character: There is no e (U+0065) in font NotoSerifDevanagari:mode=node;script=DFLT;language=dflt;+tlig;!
Missing character: There is no a (U+0061) in font NotoSerifDevanagari:mode=node;script=DFLT;language=dflt;+tlig;!
Missing character: There is no p (U+0070) in font NotoSerifDevanagari:mode=node;script=DFLT;language=dflt;+tlig;!
Missing character: There is no a (U+0061) in font NotoSerifDevanagari:mode=node;script=DFLT;language=dflt;+tlig;!
Missing character: There is no b (U+0062) in font NotoSerifDevanagari:mode=node;script=DFLT;language=dflt;+tlig;!
Missing character: There is no a (U+0061) in font NotoSerifDevanagari:mode=node;script=DFLT;language=dflt;+tlig;!
Missing character: There is no l (U+006C) in font NotoSerifDevanagari:mode=node;script=DFLT;language=dflt;+tlig;!
Missing character: There is no e (U+0065) in font NotoSerifDevanagari:mode=node;script=DFLT;language=dflt;+tlig;!
Missing character: There is no b (U+0062) in font NotoSerifDevanagari:mode=node;script=DFLT;language=dflt;+tlig;!
Missing character: There is no a (U+0061) in font NotoSerifDevanagari:mode=node;script=DFLT;language=dflt;+tlig;!
Missing character: There is no e (U+0065) in font NotoSerifDevanagari:mode=node;script=DFLT;language=dflt;+tlig;!
Missing character: There is no j (U+006A) in font NotoSerifDevanagari:mode=node;script=DFLT;language=dflt;+tlig;!
Missing character: There is no o (U+006F) in font NotoSerifDevanagari:mode=node;script=DFLT;language=dflt;+tlig;!
Missing character: There is no i (U+0069) in font NotoSerifDevanagari:mode=node;script=DFLT;language=dflt;+tlig;!
Missing character: There is no l (U+006C) in font NotoSerifDevanagari:mode=node;script=DFLT;language=dflt;+tlig;!
Missing character: There is no u (U+0075) in font NotoSerifDevanagari:mode=node;script=DFLT;language=dflt;+tlig;!
Missing character: There is no l (U+006C) in font NotoSerifDevanagari:mode=node;script=DFLT;language=dflt;+tlig;!
Missing character: There is no a (U+0061) in font NotoSerifDevanagari:mode=node;script=DFLT;language=dflt;+tlig;!
Missing character: There is no k (U+006B) in font NotoSerifDevanagari:mode=node;script=DFLT;language=dflt;+tlig;!
Missing character: There is no u (U+0075) in font NotoSerifDevanagari:mode=node;script=DFLT;language=dflt;+tlig;!
Missing character: There is no p (U+0070) in font NotoSerifDevanagari:mode=node;script=DFLT;language=dflt;+tlig;!
Missing character: There is no a (U+0061) in font NotoSerifDevanagari:mode=node;script=DFLT;language=dflt;+tlig;!
Missing character: There is no m (U+006D) in font NotoSerifDevanagari:mode=node;script=DFLT;language=dflt;+tlig;!
Missing character: There is no o (U+006F) in font NotoSerifDevanagari:mode=node;script=DFLT;language=dflt;+tlig;!
Missing character: There is no k (U+006B) in font NotoSerifDevanagari:mode=node;script=DFLT;language=dflt;+tlig;!
Missing character: There is no o (U+006F) in font NotoSerifDevanagari:mode=node;script=DFLT;language=dflt;+tlig;!
Missing character: There is no s (U+0073) in font NotoSerifDevanagari:mode=node;script=DFLT;language=dflt;+tlig;!
Missing character: There is no o (U+006F) in font NotoSerifDevanagari:mode=node;script=DFLT;language=dflt;+tlig;!
Missing character: There is no k (U+006B) in font NotoSerifDevanagari:mode=node;script=DFLT;language=dflt;+tlig;!
Missing character: There is no a (U+0061) in font NotoSerifDevanagari:mode=node;script=DFLT;language=dflt;+tlig;!
Missing character: There is no T (U+0054) in font NotoSerifDevanagari:mode=node;script=DFLT;language=dflt;+tlig;!
Missing character: There is no O (U+004F) in font NotoSerifDevanagari:mode=node;script=DFLT;language=dflt;+tlig;!
Missing character: There is no D (U+0044) in font NotoSerifDevanagari:mode=node;script=DFLT;language=dflt;+tlig;!
Missing character: There is no O (U+004F) in font NotoSerifDevanagari:mode=node;script=DFLT;language=dflt;+tlig;!
]

LaTeX Warning: `h' float specifier changed to `ht'.


LaTeX Warning: `h' float specifier changed to `ht'.


LaTeX Warning: `h' float specifier changed to `ht'.


LaTeX Warning: `h' float specifier changed to `ht'.

[3
Missing character: There is no k (U+006B) in font NotoSerifDevanagari:mode=node;script=DFLT;language=dflt;+tlig;!
Missing character: There is no a (U+0061) in font NotoSerifDevanagari:mode=node;script=DFLT;language=dflt;+tlig;!
Missing character: There is no k (U+006B) in font NotoSerifDevanagari:mode=node;script=DFLT;language=dflt;+tlig;!
Missing character: There is no a (U+0061) in font NotoSerifDevanagari:mode=node;script=DFLT;language=dflt;+tlig;!
Missing character: There is no z (U+007A) in font NotoSerifDevanagari:mode=node;script=DFLT;language=dflt;+tlig;!
Missing character: There is no u (U+0075) in font NotoSerifDevanagari:mode=node;script=DFLT;language=dflt;+tlig;!
Missing character: There is no m (U+006D) in font NotoSerifDevanagari:mode=node;script=DFLT;language=dflt;+tlig;!
Missing character: There is no i (U+0069) in font NotoSerifDevanagari:mode=node;script=DFLT;language=dflt;+tlig;!
Missing character: There is no z (U+007A) in font NotoSerifDevanagari:mode=node;script=DFLT;language=dflt;+tlig;!
Missing character: There is no u (U+0075) in font NotoSerifDevanagari:mode=node;script=DFLT;language=dflt;+tlig;!
Missing character: There is no k (U+006B) in font NotoSerifDevanagari:mode=node;script=DFLT;language=dflt;+tlig;!
Missing character: There is no a (U+0061) in font NotoSerifDevanagari:mode=node;script=DFLT;language=dflt;+tlig;!
Missing character: There is no k (U+006B) in font NotoSerifDevanagari:mode=node;script=DFLT;language=dflt;+tlig;!
Missing character: There is no a (U+0061) in font NotoSerifDevanagari:mode=node;script=DFLT;language=dflt;+tlig;!
Missing character: There is no l (U+006C) in font NotoSerifDevanagari:mode=node;script=DFLT;language=dflt;+tlig;!
Missing character: There is no u (U+0075) in font NotoSerifDevanagari:mode=node;script=DFLT;language=dflt;+tlig;!
Missing character: There is no m (U+006D) in font NotoSerifDevanagari:mode=node;script=DFLT;language=dflt;+tlig;!
Missing character: There is no i (U+0069) in font NotoSerifDevanagari:mode=node;script=DFLT;language=dflt;+tlig;!
Missing character: There is no l (U+006C) in font NotoSerifDevanagari:mode=node;script=DFLT;language=dflt;+tlig;!
Missing character: There is no a (U+0061) in font NotoSerifDevanagari:mode=node;script=DFLT;language=dflt;+tlig;!
Missing character: There is no l (U+006C) in font NotoSerifDevanagari:mode=node;script=DFLT;language=dflt;+tlig;!
Missing character: There is no u (U+0075) in font NotoSerifDevanagari:mode=node;script=DFLT;language=dflt;+tlig;!
Missing character: There is no k (U+006B) in font NotoSerifDevanagari:mode=node;script=DFLT;language=dflt;+tlig;!
Missing character: There is no a (U+0061) in font NotoSerifDevanagari:mode=node;script=DFLT;language=dflt;+tlig;!
Missing character: There is no k (U+006B) in font NotoSerifDevanagari:mode=node;script=DFLT;language=dflt;+tlig;!
Missing character: There is no a (U+0061) in font NotoSerifDevanagari:mode=node;script=DFLT;language=dflt;+tlig;!
Missing character: There is no s (U+0073) in font NotoSerifDevanagari:mode=node;script=DFLT;language=dflt;+tlig;!
Missing character: There is no u (U+0075) in font NotoSerifDevanagari:mode=node;script=DFLT;language=dflt;+tlig;!
Missing character: There is no m (U+006D) in font NotoSerifDevanagari:mode=node;script=DFLT;language=dflt;+tlig;!
Missing character: There is no i (U+0069) in font NotoSerifDevanagari:mode=node;script=DFLT;language=dflt;+tlig;!
Missing character: There is no s (U+0073) in font NotoSerifDevanagari:mode=node;script=DFLT;language=dflt;+tlig;!
Missing character: There is no a (U+0061) in font NotoSerifDevanagari:mode=node;script=DFLT;language=dflt;+tlig;!
Missing character: There is no s (U+0073) in font NotoSerifDevanagari:mode=node;script=DFLT;language=dflt;+tlig;!
Missing character: There is no u (U+0075) in font NotoSerifDevanagari:mode=node;script=DFLT;language=dflt;+tlig;!
Missing character: There is no k (U+006B) in font NotoSerifDevanagari:mode=node;script=DFLT;language=dflt;+tlig;!
Missing character: There is no a (U+0061) in font NotoSerifDevanagari:mode=node;script=DFLT;language=dflt;+tlig;!
Missing character: There is no k (U+006B) in font NotoSerifDevanagari:mode=node;script=DFLT;language=dflt;+tlig;!
Missing character: There is no a (U+0061) in font NotoSerifDevanagari:mode=node;script=DFLT;language=dflt;+tlig;!
Missing character: There is no m (U+006D) in font NotoSerifDevanagari:mode=node;script=DFLT;language=dflt;+tlig;!
Missing character: There is no u (U+0075) in font NotoSerifDevanagari:mode=node;script=DFLT;language=dflt;+tlig;!
Missing character: There is no m (U+006D) in font NotoSerifDevanagari:mode=node;script=DFLT;language=dflt;+tlig;!
Missing character: There is no i (U+0069) in font NotoSerifDevanagari:mode=node;script=DFLT;language=dflt;+tlig;!
Missing character: There is no m (U+006D) in font NotoSerifDevanagari:mode=node;script=DFLT;language=dflt;+tlig;!
Missing character: There is no u (U+0075) in font NotoSerifDevanagari:mode=node;script=DFLT;language=dflt;+tlig;!
Missing character: There is no k (U+006B) in font NotoSerifDevanagari:mode=node;script=DFLT;language=dflt;+tlig;!
Missing character: There is no a (U+0061) in font NotoSerifDevanagari:mode=node;script=DFLT;language=dflt;+tlig;!
Missing character: There is no k (U+006B) in font NotoSerifDevanagari:mode=node;script=DFLT;language=dflt;+tlig;!
Missing character: There is no i (U+0069) in font NotoSerifDevanagari:mode=node;script=DFLT;language=dflt;+tlig;!
Missing character: There is no n (U+006E) in font NotoSerifDevanagari:mode=node;script=DFLT;language=dflt;+tlig;!
Missing character: There is no u (U+0075) in font NotoSerifDevanagari:mode=node;script=DFLT;language=dflt;+tlig;!
Missing character: There is no m (U+006D) in font NotoSerifDevanagari:mode=node;script=DFLT;language=dflt;+tlig;!
Missing character: There is no i (U+0069) in font NotoSerifDevanagari:mode=node;script=DFLT;language=dflt;+tlig;!
Missing character: There is no n (U+006E) in font NotoSerifDevanagari:mode=node;script=DFLT;language=dflt;+tlig;!
Missing character: There is no u (U+0075) in font NotoSerifDevanagari:mode=node;script=DFLT;language=dflt;+tlig;!
Missing character: There is no k (U+006B) in font NotoSerifDevanagari:mode=node;script=DFLT;language=dflt;+tlig;!
Missing character: There is no a (U+0061) in font NotoSerifDevanagari:mode=node;script=DFLT;language=dflt;+tlig;!
Missing character: There is no k (U+006B) in font NotoSerifDevanagari:mode=node;script=DFLT;language=dflt;+tlig;!
Missing character: There is no i (U+0069) in font NotoSerifDevanagari:mode=node;script=DFLT;language=dflt;+tlig;!
Missing character: There is no t (U+0074) in font NotoSerifDevanagari:mode=node;script=DFLT;language=dflt;+tlig;!
Missing character: There is no e (U+0065) in font NotoSerifDevanagari:mode=node;script=DFLT;language=dflt;+tlig;!
Missing character: There is no l (U+006C) in font NotoSerifDevanagari:mode=node;script=DFLT;language=dflt;+tlig;!
Missing character: There is no u (U+0075) in font NotoSerifDevanagari:mode=node;script=DFLT;language=dflt;+tlig;!
Missing character: There is no m (U+006D) in font NotoSerifDevanagari:mode=node;script=DFLT;language=dflt;+tlig;!
Missing character: There is no i (U+0069) in font NotoSerifDevanagari:mode=node;script=DFLT;language=dflt;+tlig;!
Missing character: There is no t (U+0074) in font NotoSerifDevanagari:mode=node;script=DFLT;language=dflt;+tlig;!
Missing character: There is no e (U+0065) in font NotoSerifDevanagari:mode=node;script=DFLT;language=dflt;+tlig;!
Missing character: There is no l (U+006C) in font NotoSerifDevanagari:mode=node;script=DFLT;language=dflt;+tlig;!
Missing character: There is no u (U+0075) in font NotoSerifDevanagari:mode=node;script=DFLT;language=dflt;+tlig;!
Missing character: There is no k (U+006B) in font NotoSerifDevanagari:mode=node;script=DFLT;language=dflt;+tlig;!
Missing character: There is no a (U+0061) in font NotoSerifDevanagari:mode=node;script=DFLT;language=dflt;+tlig;!
Missing character: There is no k (U+006B) in font NotoSerifDevanagari:mode=node;script=DFLT;language=dflt;+tlig;!
Missing character: There is no a (U+0061) in font NotoSerifDevanagari:mode=node;script=DFLT;language=dflt;+tlig;!
Missing character: There is no b (U+0062) in font NotoSerifDevanagari:mode=node;script=DFLT;language=dflt;+tlig;!
Missing character: There is no a (U+0061) in font NotoSerifDevanagari:mode=node;script=DFLT;language=dflt;+tlig;!
Missing character: There is no m (U+006D) in font NotoSerifDevanagari:mode=node;script=DFLT;language=dflt;+tlig;!
Missing character: There is no i (U+0069) in font NotoSerifDevanagari:mode=node;script=DFLT;language=dflt;+tlig;!
Missing character: There is no b (U+0062) in font NotoSerifDevanagari:mode=node;script=DFLT;language=dflt;+tlig;!
Missing character: There is no a (U+0061) in font NotoSerifDevanagari:mode=node;script=DFLT;language=dflt;+tlig;!
Missing character: There is no k (U+006B) in font NotoSerifDevanagari:mode=node;script=DFLT;language=dflt;+tlig;!
Missing character: There is no a (U+0061) in font NotoSerifDevanagari:mode=node;script=DFLT;language=dflt;+tlig;!
Missing character: There is no k (U+006B) in font NotoSerifDevanagari:mode=node;script=DFLT;language=dflt;+tlig;!
Missing character: There is no e (U+0065) in font NotoSerifDevanagari:mode=node;script=DFLT;language=dflt;+tlig;!
Missing character: There is no b (U+0062) in font NotoSerifDevanagari:mode=node;script=DFLT;language=dflt;+tlig;!
Missing character: There is no a (U+0061) in font NotoSerifDevanagari:mode=node;script=DFLT;language=dflt;+tlig;!
Missing character: There is no m (U+006D) in font NotoSerifDevanagari:mode=node;script=DFLT;language=dflt;+tlig;!
Missing character: There is no i (U+0069) in font NotoSerifDevanagari:mode=node;script=DFLT;language=dflt;+tlig;!
Missing character: There is no l (U+006C) in font NotoSerifDevanagari:mode=node;script=DFLT;language=dflt;+tlig;!
Missing character: There is no e (U+0065) in font NotoSerifDevanagari:mode=node;script=DFLT;language=dflt;+tlig;!
Missing character: There is no b (U+0062) in font NotoSerifDevanagari:mode=node;script=DFLT;language=dflt;+tlig;!
Missing character: There is no a (U+0061) in font NotoSerifDevanagari:mode=node;script=DFLT;language=dflt;+tlig;!
Missing character: There is no k (U+006B) in font NotoSerifDevanagari:mode=node;script=DFLT;language=dflt;+tlig;!
Missing character: There is no a (U+0061) in font NotoSerifDevanagari:mode=node;script=DFLT;language=dflt;+tlig;!
Missing character: There is no k (U+006B) in font NotoSerifDevanagari:mode=node;script=DFLT;language=dflt;+tlig;!
Missing character: There is no e (U+0065) in font NotoSerifDevanagari:mode=node;script=DFLT;language=dflt;+tlig;!
Missing character: There is no j (U+006A) in font NotoSerifDevanagari:mode=node;script=DFLT;language=dflt;+tlig;!
Missing character: There is no o (U+006F) in font NotoSerifDevanagari:mode=node;script=DFLT;language=dflt;+tlig;!
Missing character: There is no m (U+006D) in font NotoSerifDevanagari:mode=node;script=DFLT;language=dflt;+tlig;!
Missing character: There is no i (U+0069) in font NotoSerifDevanagari:mode=node;script=DFLT;language=dflt;+tlig;!
Missing character: There is no j (U+006A) in font NotoSerifDevanagari:mode=node;script=DFLT;language=dflt;+tlig;!
Missing character: There is no o (U+006F) in font NotoSerifDevanagari:mode=node;script=DFLT;language=dflt;+tlig;!
Missing character: There is no k (U+006B) in font NotoSerifDevanagari:mode=node;script=DFLT;language=dflt;+tlig;!
Missing character: There is no a (U+0061) in font NotoSerifDevanagari:mode=node;script=DFLT;language=dflt;+tlig;!
Missing character: There is no k (U+006B) in font NotoSerifDevanagari:mode=node;script=DFLT;language=dflt;+tlig;!
Missing character: There is no u (U+0075) in font NotoSerifDevanagari:mode=node;script=DFLT;language=dflt;+tlig;!
Missing character: There is no m (U+006D) in font NotoSerifDevanagari:mode=node;script=DFLT;language=dflt;+tlig;!
Missing character: There is no i (U+0069) in font NotoSerifDevanagari:mode=node;script=DFLT;language=dflt;+tlig;!
Missing character: There is no l (U+006C) in font NotoSerifDevanagari:mode=node;script=DFLT;language=dflt;+tlig;!
Missing character: There is no u (U+0075) in font NotoSerifDevanagari:mode=node;script=DFLT;language=dflt;+tlig;!
Missing character: There is no k (U+006B) in font NotoSerifDevanagari:mode=node;script=DFLT;language=dflt;+tlig;!
Missing character: There is no a (U+0061) in font NotoSerifDevanagari:mode=node;script=DFLT;language=dflt;+tlig;!
Missing character: There is no k (U+006B) in font NotoSerifDevanagari:mode=node;script=DFLT;language=dflt;+tlig;!
Missing character: There is no i (U+0069) in font NotoSerifDevanagari:mode=node;script=DFLT;language=dflt;+tlig;!
Missing character: There is no m (U+006D) in font NotoSerifDevanagari:mode=node;script=DFLT;language=dflt;+tlig;!
Missing character: There is no i (U+0069) in font NotoSerifDevanagari:mode=node;script=DFLT;language=dflt;+tlig;!
Missing character: There is no k (U+006B) in font NotoSerifDevanagari:mode=node;script=DFLT;language=dflt;+tlig;!
Missing character: There is no a (U+0061) in font NotoSerifDevanagari:mode=node;script=DFLT;language=dflt;+tlig;!
Missing character: There is no k (U+006B) in font NotoSerifDevanagari:mode=node;script=DFLT;language=dflt;+tlig;!
Missing character: There is no a (U+0061) in font NotoSerifDevanagari:mode=node;script=DFLT;language=dflt;+tlig;!
Missing character: There is no k (U+006B) in font NotoSerifDevanagari:mode=node;script=DFLT;language=dflt;+tlig;!
Missing character: There is no u (U+0075) in font NotoSerifDevanagari:mode=node;script=DFLT;language=dflt;+tlig;!
Missing character: There is no m (U+006D) in font NotoSerifDevanagari:mode=node;script=DFLT;language=dflt;+tlig;!
Missing character: There is no i (U+0069) in font NotoSerifDevanagari:mode=node;script=DFLT;language=dflt;+tlig;!
Missing character: There is no l (U+006C) in font NotoSerifDevanagari:mode=node;script=DFLT;language=dflt;+tlig;!
Missing character: There is no a (U+0061) in font NotoSerifDevanagari:mode=node;script=DFLT;language=dflt;+tlig;!
Missing character: There is no k (U+006B) in font NotoSerifDevanagari:mode=node;script=DFLT;language=dflt;+tlig;!
Missing character: There is no u (U+0075) in font NotoSerifDevanagari:mode=node;script=DFLT;language=dflt;+tlig;!
Missing character: There is no k (U+006B) in font NotoSerifDevanagari:mode=node;script=DFLT;language=dflt;+tlig;!
Missing character: There is no a (U+0061) in font NotoSerifDevanagari:mode=node;script=DFLT;language=dflt;+tlig;!
Missing character: There is no k (U+006B) in font NotoSerifDevanagari:mode=node;script=DFLT;language=dflt;+tlig;!
Missing character: There is no i (U+0069) in font NotoSerifDevanagari:mode=node;script=DFLT;language=dflt;+tlig;!
Missing character: There is no t (U+0074) in font NotoSerifDevanagari:mode=node;script=DFLT;language=dflt;+tlig;!
Missing character: There is no e (U+0065) in font NotoSerifDevanagari:mode=node;script=DFLT;language=dflt;+tlig;!
Missing character: There is no v (U+0076) in font NotoSerifDevanagari:mode=node;script=DFLT;language=dflt;+tlig;!
Missing character: There is no i (U+0069) in font NotoSerifDevanagari:mode=node;script=DFLT;language=dflt;+tlig;!
Missing character: There is no n (U+006E) in font NotoSerifDevanagari:mode=node;script=DFLT;language=dflt;+tlig;!
Missing character: There is no a (U+0061) in font NotoSerifDevanagari:mode=node;script=DFLT;language=dflt;+tlig;!
Missing character: There is no k (U+006B) in font NotoSerifDevanagari:mode=node;script=DFLT;language=dflt;+tlig;!
Missing character: There is no a (U+0061) in font NotoSerifDevanagari:mode=node;script=DFLT;language=dflt;+tlig;!
Missing character: There is no l (U+006C) in font NotoSerifDevanagari:mode=node;script=DFLT;language=dflt;+tlig;!
Missing character: There is no t (U+0074) in font NotoSerifDevanagari:mode=node;script=DFLT;language=dflt;+tlig;!
Missing character: There is no a (U+0061) in font NotoSerifDevanagari:mode=node;script=DFLT;language=dflt;+tlig;!
Missing character: There is no k (U+006B) in font NotoSerifDevanagari:mode=node;script=DFLT;language=dflt;+tlig;!
Missing character: There is no a (U+0061) in font NotoSerifDevanagari:mode=node;script=DFLT;language=dflt;+tlig;!
Missing character: There is no l (U+006C) in font NotoSerifDevanagari:mode=node;script=DFLT;language=dflt;+tlig;!
Missing character: There is no a (U+0061) in font NotoSerifDevanagari:mode=node;script=DFLT;language=dflt;+tlig;!
Missing character: There is no k (U+006B) in font NotoSerifDevanagari:mode=node;script=DFLT;language=dflt;+tlig;!
Missing character: There is no a (U+0061) in font NotoSerifDevanagari:mode=node;script=DFLT;language=dflt;+tlig;!
Missing character: There is no k (U+006B) in font NotoSerifDevanagari:mode=node;script=DFLT;language=dflt;+tlig;!
Missing character: There is no i (U+0069) in font NotoSerifDevanagari:mode=node;script=DFLT;language=dflt;+tlig;!
Missing character: There is no t (U+0074) in font NotoSerifDevanagari:mode=node;script=DFLT;language=dflt;+tlig;!
Missing character: There is no e (U+0065) in font NotoSerifDevanagari:mode=node;script=DFLT;language=dflt;+tlig;!
Missing character: There is no z (U+007A) in font NotoSerifDevanagari:mode=node;script=DFLT;language=dflt;+tlig;!
Missing character: There is no i (U+0069) in font NotoSerifDevanagari:mode=node;script=DFLT;language=dflt;+tlig;!
Missing character: There is no n (U+006E) in font NotoSerifDevanagari:mode=node;script=DFLT;language=dflt;+tlig;!
Missing character: There is no a (U+0061) in font NotoSerifDevanagari:mode=node;script=DFLT;language=dflt;+tlig;!
Missing character: There is no b (U+0062) in font NotoSerifDevanagari:mode=node;script=DFLT;language=dflt;+tlig;!
Missing character: There is no a (U+0061) in font NotoSerifDevanagari:mode=node;script=DFLT;language=dflt;+tlig;!
Missing character: There is no t (U+0074) in font NotoSerifDevanagari:mode=node;script=DFLT;language=dflt;+tlig;!
Missing character: There is no a (U+0061) in font NotoSerifDevanagari:mode=node;script=DFLT;language=dflt;+tlig;!
Missing character: There is no n (U+006E) in font NotoSerifDevanagari:mode=node;script=DFLT;language=dflt;+tlig;!
Missing character: There is no o (U+006F) in font NotoSerifDevanagari:mode=node;script=DFLT;language=dflt;+tlig;!
Missing character: There is no p (U+0070) in font NotoSerifDevanagari:mode=node;script=DFLT;language=dflt;+tlig;!
Missing character: There is no i (U+0069) in font NotoSerifDevanagari:mode=node;script=DFLT;language=dflt;+tlig;!
Missing character: There is no t (U+0074) in font NotoSerifDevanagari:mode=node;script=DFLT;language=dflt;+tlig;!
Missing character: There is no o (U+006F) in font NotoSerifDevanagari:mode=node;script=DFLT;language=dflt;+tlig;!
Missing character: There is no m (U+006D) in font NotoSerifDevanagari:mode=node;script=DFLT;language=dflt;+tlig;!
Missing character: There is no o (U+006F) in font NotoSerifDevanagari:mode=node;script=DFLT;language=dflt;+tlig;!
Missing character: There is no q (U+0071) in font NotoSerifDevanagari:mode=node;script=DFLT;language=dflt;+tlig;!
Missing character: There is no u (U+0075) in font NotoSerifDevanagari:mode=node;script=DFLT;language=dflt;+tlig;!
Missing character: There is no m (U+006D) in font NotoSerifDevanagari:mode=node;script=DFLT;language=dflt;+tlig;!
Missing character: There is no a (U+0061) in font NotoSerifDevanagari:mode=node;script=DFLT;language=dflt;+tlig;!
Missing character: There is no l (U+006C) in font NotoSerifDevanagari:mode=node;script=DFLT;language=dflt;+tlig;!
Missing character: There is no i (U+0069) in font NotoSerifDevanagari:mode=node;script=DFLT;language=dflt;+tlig;!
Missing character: There is no n (U+006E) in font NotoSerifDevanagari:mode=node;script=DFLT;language=dflt;+tlig;!
Missing character: There is no a (U+0061) in font NotoSerifDevanagari:mode=node;script=DFLT;language=dflt;+tlig;!
Missing character: There is no c (U+0063) in font NotoSerifDevanagari:mode=node;script=DFLT;language=dflt;+tlig;!
Missing character: There is no a (U+0061) in font NotoSerifDevanagari:mode=node;script=DFLT;language=dflt;+tlig;!
Missing character: There is no l (U+006C) in font NotoSerifDevanagari:mode=node;script=DFLT;language=dflt;+tlig;!
Missing character: There is no a (U+0061) in font NotoSerifDevanagari:mode=node;script=DFLT;language=dflt;+tlig;!
Missing character: There is no n (U+006E) in font NotoSerifDevanagari:mode=node;script=DFLT;language=dflt;+tlig;!
Missing character: There is no a (U+0061) in font NotoSerifDevanagari:mode=node;script=DFLT;language=dflt;+tlig;!
Missing character: There is no l (U+006C) in font NotoSerifDevanagari:mode=node;script=DFLT;language=dflt;+tlig;!
Missing character: There is no i (U+0069) in font NotoSerifDevanagari:mode=node;script=DFLT;language=dflt;+tlig;!
Missing character: There is no k (U+006B) in font NotoSerifDevanagari:mode=node;script=DFLT;language=dflt;+tlig;!
Missing character: There is no a (U+0061) in font NotoSerifDevanagari:mode=node;script=DFLT;language=dflt;+tlig;!
Missing character: There is no t (U+0074) in font NotoSerifDevanagari:mode=node;script=DFLT;language=dflt;+tlig;!
Missing character: There is no u (U+0075) in font NotoSerifDevanagari:mode=node;script=DFLT;language=dflt;+tlig;!
Missing character: There is no t (U+0074) in font NotoSerifDevanagari:mode=node;script=DFLT;language=dflt;+tlig;!
Missing character: There is no o (U+006F) in font NotoSerifDevanagari:mode=node;script=DFLT;language=dflt;+tlig;!
Missing character: There is no n (U+006E) in font NotoSerifDevanagari:mode=node;script=DFLT;language=dflt;+tlig;!
Missing character: There is no i (U+0069) in font NotoSerifDevanagari:mode=node;script=DFLT;language=dflt;+tlig;!
Missing character: There is no t (U+0074) in font NotoSerifDevanagari:mode=node;script=DFLT;language=dflt;+tlig;!
Missing character: There is no u (U+0075) in font NotoSerifDevanagari:mode=node;script=DFLT;language=dflt;+tlig;!
Missing character: There is no k (U+006B) in font NotoSerifDevanagari:mode=node;script=DFLT;language=dflt;+tlig;!
Missing character: There is no i (U+0069) in font NotoSerifDevanagari:mode=node;script=DFLT;language=dflt;+tlig;!
Missing character: There is no p (U+0070) in font NotoSerifDevanagari:mode=node;script=DFLT;language=dflt;+tlig;!
Missing character: There is no i (U+0069) in font NotoSerifDevanagari:mode=node;script=DFLT;language=dflt;+tlig;!
Missing character: There is no t (U+0074) in font NotoSerifDevanagari:mode=node;script=DFLT;language=dflt;+tlig;!
Missing character: There is no o (U+006F) in font NotoSerifDevanagari:mode=node;script=DFLT;language=dflt;+tlig;!
Missing character: There is no s (U+0073) in font NotoSerifDevanagari:mode=node;script=DFLT;language=dflt;+tlig;!
Missing character: There is no i (U+0069) in font NotoSerifDevanagari:mode=node;script=DFLT;language=dflt;+tlig;!
Missing character: There is no k (U+006B) in font NotoSerifDevanagari:mode=node;script=DFLT;language=dflt;+tlig;!
Missing character: There is no a (U+0061) in font NotoSerifDevanagari:mode=node;script=DFLT;language=dflt;+tlig;!
Missing character: There is no l (U+006C) in font NotoSerifDevanagari:mode=node;script=DFLT;language=dflt;+tlig;!
Missing character: There is no u (U+0075) in font NotoSerifDevanagari:mode=node;script=DFLT;language=dflt;+tlig;!
Missing character: There is no p (U+0070) in font NotoSerifDevanagari:mode=node;script=DFLT;language=dflt;+tlig;!
Missing character: There is no i (U+0069) in font NotoSerifDevanagari:mode=node;script=DFLT;language=dflt;+tlig;!
Missing character: There is no t (U+0074) in font NotoSerifDevanagari:mode=node;script=DFLT;language=dflt;+tlig;!
Missing character: There is no o (U+006F) in font NotoSerifDevanagari:mode=node;script=DFLT;language=dflt;+tlig;!
Missing character: There is no t (U+0074) in font NotoSerifDevanagari:mode=node;script=DFLT;language=dflt;+tlig;!
Missing character: There is no o (U+006F) in font NotoSerifDevanagari:mode=node;script=DFLT;language=dflt;+tlig;!
Missing character: There is no v (U+0076) in font NotoSerifDevanagari:mode=node;script=DFLT;language=dflt;+tlig;!
Missing character: There is no o (U+006F) in font NotoSerifDevanagari:mode=node;script=DFLT;language=dflt;+tlig;!
Missing character: There is no s (U+0073) in font NotoSerifDevanagari:mode=node;script=DFLT;language=dflt;+tlig;!
Missing character: There is no a (U+0061) in font NotoSerifDevanagari:mode=node;script=DFLT;language=dflt;+tlig;!
Missing character: There is no z (U+007A) in font NotoSerifDevanagari:mode=node;script=DFLT;language=dflt;+tlig;!
Missing character: There is no u (U+0075) in font NotoSerifDevanagari:mode=node;script=DFLT;language=dflt;+tlig;!
Missing character: There is no k (U+006B) in font NotoSerifDevanagari:mode=node;script=DFLT;language=dflt;+tlig;!
Missing character: There is no a (U+0061) in font NotoSerifDevanagari:mode=node;script=DFLT;language=dflt;+tlig;!
Missing character: There is no l (U+006C) in font NotoSerifDevanagari:mode=node;script=DFLT;language=dflt;+tlig;!
Missing character: There is no i (U+0069) in font NotoSerifDevanagari:mode=node;script=DFLT;language=dflt;+tlig;!
Missing character: There is no t (U+0074) in font NotoSerifDevanagari:mode=node;script=DFLT;language=dflt;+tlig;!
Missing character: There is no a (U+0061) in font NotoSerifDevanagari:mode=node;script=DFLT;language=dflt;+tlig;!
Missing character: There is no c (U+0063) in font NotoSerifDevanagari:mode=node;script=DFLT;language=dflt;+tlig;!
Missing character: There is no a (U+0061) in font NotoSerifDevanagari:mode=node;script=DFLT;language=dflt;+tlig;!
Missing character: There is no p (U+0070) in font NotoSerifDevanagari:mode=node;script=DFLT;language=dflt;+tlig;!
Missing character: There is no i (U+0069) in font NotoSerifDevanagari:mode=node;script=DFLT;language=dflt;+tlig;!
Missing character: There is no p (U+0070) in font NotoSerifDevanagari:mode=node;script=DFLT;language=dflt;+tlig;!
Missing character: There is no a (U+0061) in font NotoSerifDevanagari:mode=node;script=DFLT;language=dflt;+tlig;!
Missing character: There is no l (U+006C) in font NotoSerifDevanagari:mode=node;script=DFLT;language=dflt;+tlig;!
Missing character: There is no a (U+0061) in font NotoSerifDevanagari:mode=node;script=DFLT;language=dflt;+tlig;!
Missing character: There is no k (U+006B) in font NotoSerifDevanagari:mode=node;script=DFLT;language=dflt;+tlig;!
Missing character: There is no a (U+0061) in font NotoSerifDevanagari:mode=node;script=DFLT;language=dflt;+tlig;!
Missing character: There is no l (U+006C) in font NotoSerifDevanagari:mode=node;script=DFLT;language=dflt;+tlig;!
Missing character: There is no a (U+0061) in font NotoSerifDevanagari:mode=node;script=DFLT;language=dflt;+tlig;!
Missing character: There is no c (U+0063) in font NotoSerifDevanagari:mode=node;script=DFLT;language=dflt;+tlig;!
Missing character: There is no a (U+0061) in font NotoSerifDevanagari:mode=node;script=DFLT;language=dflt;+tlig;!
Missing character: There is no k (U+006B) in font NotoSerifDevanagari:mode=node;script=DFLT;language=dflt;+tlig;!
Missing character: There is no o (U+006F) in font NotoSerifDevanagari:mode=node;script=DFLT;language=dflt;+tlig;!
Missing character: There is no k (U+006B) in font NotoSerifDevanagari:mode=node;script=DFLT;language=dflt;+tlig;!
Missing character: There is no o (U+006F) in font NotoSerifDevanagari:mode=node;script=DFLT;language=dflt;+tlig;!
Missing character: There is no l (U+006C) in font NotoSerifDevanagari:mode=node;script=DFLT;language=dflt;+tlig;!
Missing character: There is no o (U+006F) in font NotoSerifDevanagari:mode=node;script=DFLT;language=dflt;+tlig;!
Missing character: There is no v (U+0076) in font NotoSerifDevanagari:mode=node;script=DFLT;language=dflt;+tlig;!
Missing character: There is no o (U+006F) in font NotoSerifDevanagari:mode=node;script=DFLT;language=dflt;+tlig;!
Missing character: There is no m (U+006D) in font NotoSerifDevanagari:mode=node;script=DFLT;language=dflt;+tlig;!
Missing character: There is no o (U+006F) in font NotoSerifDevanagari:mode=node;script=DFLT;language=dflt;+tlig;!
Missing character: There is no t (U+0074) in font NotoSerifDevanagari:mode=node;script=DFLT;language=dflt;+tlig;!
Missing character: There is no i (U+0069) in font NotoSerifDevanagari:mode=node;script=DFLT;language=dflt;+tlig;!
Missing character: There is no s (U+0073) in font NotoSerifDevanagari:mode=node;script=DFLT;language=dflt;+tlig;!
Missing character: There is no a (U+0061) in font NotoSerifDevanagari:mode=node;script=DFLT;language=dflt;+tlig;!
Missing character: There is no z (U+007A) in font NotoSerifDevanagari:mode=node;script=DFLT;language=dflt;+tlig;!
Missing character: There is no a (U+0061) in font NotoSerifDevanagari:mode=node;script=DFLT;language=dflt;+tlig;!
Missing character: There is no l (U+006C) in font NotoSerifDevanagari:mode=node;script=DFLT;language=dflt;+tlig;!
Missing character: There is no a (U+0061) in font NotoSerifDevanagari:mode=node;script=DFLT;language=dflt;+tlig;!
Missing character: There is no z (U+007A) in font NotoSerifDevanagari:mode=node;script=DFLT;language=dflt;+tlig;!
] [4
Missing character: There is no v (U+0076) in font NotoSerifDevanagari:mode=node;script=DFLT;language=dflt;+tlig;!
Missing character: There is no o (U+006F) in font NotoSerifDevanagari:mode=node;script=DFLT;language=dflt;+tlig;!
Missing character: There is no n (U+006E) in font NotoSerifDevanagari:mode=node;script=DFLT;language=dflt;+tlig;!
Missing character: There is no i (U+0069) in font NotoSerifDevanagari:mode=node;script=DFLT;language=dflt;+tlig;!
Missing character: There is no j (U+006A) in font NotoSerifDevanagari:mode=node;script=DFLT;language=dflt;+tlig;!
Missing character: There is no o (U+006F) in font NotoSerifDevanagari:mode=node;script=DFLT;language=dflt;+tlig;!
Missing character: There is no l (U+006C) in font NotoSerifDevanagari:mode=node;script=DFLT;language=dflt;+tlig;!
Missing character: There is no i (U+0069) in font NotoSerifDevanagari:mode=node;script=DFLT;language=dflt;+tlig;!
Missing character: There is no p (U+0070) in font NotoSerifDevanagari:mode=node;script=DFLT;language=dflt;+tlig;!
Missing character: There is no e (U+0065) in font NotoSerifDevanagari:mode=node;script=DFLT;language=dflt;+tlig;!
Missing character: There is no c (U+0063) in font NotoSerifDevanagari:mode=node;script=DFLT;language=dflt;+tlig;!
Missing character: There is no a (U+0061) in font NotoSerifDevanagari:mode=node;script=DFLT;language=dflt;+tlig;!
Missing character: There is no n (U+006E) in font NotoSerifDevanagari:mode=node;script=DFLT;language=dflt;+tlig;!
Missing character: There is no a (U+0061) in font NotoSerifDevanagari:mode=node;script=DFLT;language=dflt;+tlig;!
Missing character: There is no l (U+006C) in font NotoSerifDevanagari:mode=node;script=DFLT;language=dflt;+tlig;!
Missing character: There is no v (U+0076) in font NotoSerifDevanagari:mode=node;script=DFLT;language=dflt;+tlig;!
Missing character: There is no a (U+0061) in font NotoSerifDevanagari:mode=node;script=DFLT;language=dflt;+tlig;!
Missing character: There is no n (U+006E) in font NotoSerifDevanagari:mode=node;script=DFLT;language=dflt;+tlig;!
Missing character: There is no a (U+0061) in font NotoSerifDevanagari:mode=node;script=DFLT;language=dflt;+tlig;!
Missing character: There is no k (U+006B) in font NotoSerifDevanagari:mode=node;script=DFLT;language=dflt;+tlig;!
Missing character: There is no a (U+0061) in font NotoSerifDevanagari:mode=node;script=DFLT;language=dflt;+tlig;!
Missing character: There is no o (U+006F) in font NotoSerifDevanagari:mode=node;script=DFLT;language=dflt;+tlig;!
Missing character: There is no n (U+006E) in font NotoSerifDevanagari:mode=node;script=DFLT;language=dflt;+tlig;!
Missing character: There is no o (U+006F) in font NotoSerifDevanagari:mode=node;script=DFLT;language=dflt;+tlig;!
Missing character: There is no t (U+0074) in font NotoSerifDevanagari:mode=node;script=DFLT;language=dflt;+tlig;!
Missing character: There is no a (U+0061) in font NotoSerifDevanagari:mode=node;script=DFLT;language=dflt;+tlig;!
Missing character: There is no s (U+0073) in font NotoSerifDevanagari:mode=node;script=DFLT;language=dflt;+tlig;!
Missing character: There is no k (U+006B) in font NotoSerifDevanagari:mode=node;script=DFLT;language=dflt;+tlig;!
Missing character: There is no u (U+0075) in font NotoSerifDevanagari:mode=node;script=DFLT;language=dflt;+tlig;!
Missing character: There is no l (U+006C) in font NotoSerifDevanagari:mode=node;script=DFLT;language=dflt;+tlig;!
Missing character: There is no j (U+006A) in font NotoSerifDevanagari:mode=node;script=DFLT;language=dflt;+tlig;!
Missing character: There is no o (U+006F) in font NotoSerifDevanagari:mode=node;script=DFLT;language=dflt;+tlig;!
Missing character: There is no k (U+006B) in font NotoSerifDevanagari:mode=node;script=DFLT;language=dflt;+tlig;!
Missing character: There is no a (U+0061) in font NotoSerifDevanagari:mode=node;script=DFLT;language=dflt;+tlig;!
Missing character: There is no l (U+006C) in font NotoSerifDevanagari:mode=node;script=DFLT;language=dflt;+tlig;!
Missing character: There is no k (U+006B) in font NotoSerifDevanagari:mode=node;script=DFLT;language=dflt;+tlig;!
Missing character: There is no s (U+0073) in font NotoSerifDevanagari:mode=node;script=DFLT;language=dflt;+tlig;!
Missing character: There is no i (U+0069) in font NotoSerifDevanagari:mode=node;script=DFLT;language=dflt;+tlig;!
Missing character: There is no k (U+006B) in font NotoSerifDevanagari:mode=node;script=DFLT;language=dflt;+tlig;!
Missing character: There is no L (U+004C) in font NotoSerifDevanagari:mode=node;script=DFLT;language=dflt;+tlig;!
Missing character: There is no N (U+004E) in font NotoSerifDevanagari:mode=node;script=DFLT;language=dflt;+tlig;!
Missing character: There is no S (U+0053) in font NotoSerifDevanagari:mode=node;script=DFLT;language=dflt;+tlig;!
Missing character: There is no K (U+004B) in font NotoSerifDevanagari:mode=node;script=DFLT;language=dflt;+tlig;!
Missing character: There is no I (U+0049) in font NotoSerifDevanagari:mode=node;script=DFLT;language=dflt;+tlig;!
Missing character: There is no E (U+0045) in font NotoSerifDevanagari:mode=node;script=DFLT;language=dflt;+tlig;!
] [5
Missing character: There is no k (U+006B) in font NotoSerifDevanagari:mode=node;script=DFLT;language=dflt;+tlig;!
Missing character: There is no k (U+006B) in font NotoSerifDevanagari:mode=node;script=DFLT;language=dflt;+tlig;!
Missing character: There is no u (U+0075) in font NotoSerifDevanagari:mode=node;script=DFLT;language=dflt;+tlig;!
Missing character: There is no k (U+006B) in font NotoSerifDevanagari:mode=node;script=DFLT;language=dflt;+tlig;!
Missing character: There is no u (U+0075) in font NotoSerifDevanagari:mode=node;script=DFLT;language=dflt;+tlig;!
Missing character: There is no s (U+0073) in font NotoSerifDevanagari:mode=node;script=DFLT;language=dflt;+tlig;!
Missing character: There is no i (U+0069) in font NotoSerifDevanagari:mode=node;script=DFLT;language=dflt;+tlig;!
Missing character: There is no k (U+006B) in font NotoSerifDevanagari:mode=node;script=DFLT;language=dflt;+tlig;!
Missing character: There is no i (U+0069) in font NotoSerifDevanagari:mode=node;script=DFLT;language=dflt;+tlig;!
Missing character: There is no k (U+006B) in font NotoSerifDevanagari:mode=node;script=DFLT;language=dflt;+tlig;!
Missing character: There is no e (U+0065) in font NotoSerifDevanagari:mode=node;script=DFLT;language=dflt;+tlig;!
Missing character: There is no l (U+006C) in font NotoSerifDevanagari:mode=node;script=DFLT;language=dflt;+tlig;!
Missing character: There is no e (U+0065) in font NotoSerifDevanagari:mode=node;script=DFLT;language=dflt;+tlig;!
Missing character: There is no s (U+0073) in font NotoSerifDevanagari:mode=node;script=DFLT;language=dflt;+tlig;!
Missing character: There is no i (U+0069) in font NotoSerifDevanagari:mode=node;script=DFLT;language=dflt;+tlig;!
Missing character: There is no k (U+006B) in font NotoSerifDevanagari:mode=node;script=DFLT;language=dflt;+tlig;!
Missing character: There is no s (U+0073) in font NotoSerifDevanagari:mode=node;script=DFLT;language=dflt;+tlig;!
Missing character: There is no i (U+0069) in font NotoSerifDevanagari:mode=node;script=DFLT;language=dflt;+tlig;!
Missing character: There is no L (U+004C) in font NotoSerifDevanagari:mode=node;script=DFLT;language=dflt;+tlig;!
Missing character: There is no a (U+0061) in font NotoSerifDevanagari:mode=node;script=DFLT;language=dflt;+tlig;!
Missing character: There is no l (U+006C) in font NotoSerifDevanagari:mode=node;script=DFLT;language=dflt;+tlig;!
Missing character: There is no a (U+0061) in font NotoSerifDevanagari:mode=node;script=DFLT;language=dflt;+tlig;!
Missing character: There is no e (U+0065) in font NotoSerifDevanagari:mode=node;script=DFLT;language=dflt;+tlig;!
Missing character: There is no i (U+0069) in font NotoSerifDevanagari:mode=node;script=DFLT;language=dflt;+tlig;!
Missing character: There is no i (U+0069) in font NotoSerifDevanagari:mode=node;script=DFLT;language=dflt;+tlig;!
Missing character: There is no u (U+0075) in font NotoSerifDevanagari:mode=node;script=DFLT;language=dflt;+tlig;!
Missing character: There is no e (U+0065) in font NotoSerifDevanagari:mode=node;script=DFLT;language=dflt;+tlig;!
Missing character: There is no C (U+0043) in font NotoSerifDevanagari:mode=node;script=DFLT;language=dflt;+tlig;!
Missing character: There is no a (U+0061) in font NotoSerifDevanagari:mode=node;script=DFLT;language=dflt;+tlig;!
Missing character: There is no e (U+0065) in font NotoSerifDevanagari:mode=node;script=DFLT;language=dflt;+tlig;!
Missing character: There is no i (U+0069) in font NotoSerifDevanagari:mode=node;script=DFLT;language=dflt;+tlig;!
Missing character: There is no u (U+0075) in font NotoSerifDevanagari:mode=node;script=DFLT;language=dflt;+tlig;!
Missing character: There is no u (U+0075) in font NotoSerifDevanagari:mode=node;script=DFLT;language=dflt;+tlig;!
Missing character: There is no u (U+0075) in font NotoSerifDevanagari:mode=node;script=DFLT;language=dflt;+tlig;!
Missing character: There is no l (U+006C) in font NotoSerifDevanagari:mode=node;script=DFLT;language=dflt;+tlig;!
Missing character: There is no e (U+0065) in font NotoSerifDevanagari:mode=node;script=DFLT;language=dflt;+tlig;!
Missing character: There is no N (U+004E) in font NotoSerifDevanagari:mode=node;script=DFLT;language=dflt;+tlig;!
Missing character: There is no n (U+006E) in font NotoSerifDevanagari:mode=node;script=DFLT;language=dflt;+tlig;!
Missing character: There is no a (U+0061) in font NotoSerifDevanagari:mode=node;script=DFLT;language=dflt;+tlig;!
Missing character: There is no e (U+0065) in font NotoSerifDevanagari:mode=node;script=DFLT;language=dflt;+tlig;!
Missing character: There is no i (U+0069) in font NotoSerifDevanagari:mode=node;script=DFLT;language=dflt;+tlig;!
Missing character: There is no u (U+0075) in font NotoSerifDevanagari:mode=node;script=DFLT;language=dflt;+tlig;!
Missing character: There is no u (U+0075) in font NotoSerifDevanagari:mode=node;script=DFLT;language=dflt;+tlig;!
Missing character: There is no l (U+006C) in font NotoSerifDevanagari:mode=node;script=DFLT;language=dflt;+tlig;!
Missing character: There is no u (U+0075) in font NotoSerifDevanagari:mode=node;script=DFLT;language=dflt;+tlig;!
Missing character: There is no u (U+0075) in font NotoSerifDevanagari:mode=node;script=DFLT;language=dflt;+tlig;!
Missing character: There is no l (U+006C) in font NotoSerifDevanagari:mode=node;script=DFLT;language=dflt;+tlig;!
Missing character: There is no e (U+0065) in font NotoSerifDevanagari:mode=node;script=DFLT;language=dflt;+tlig;!
Missing character: There is no S (U+0053) in font NotoSerifDevanagari:mode=node;script=DFLT;language=dflt;+tlig;!
Missing character: There is no s (U+0073) in font NotoSerifDevanagari:mode=node;script=DFLT;language=dflt;+tlig;!
Missing character: There is no e (U+0065) in font NotoSerifDevanagari:mode=node;script=DFLT;language=dflt;+tlig;!
Missing character: There is no e (U+0065) in font NotoSerifDevanagari:mode=node;script=DFLT;language=dflt;+tlig;!
Missing character: There is no i (U+0069) in font NotoSerifDevanagari:mode=node;script=DFLT;language=dflt;+tlig;!
Missing character: There is no u (U+0075) in font NotoSerifDevanagari:mode=node;script=DFLT;language=dflt;+tlig;!
Missing character: There is no u (U+0075) in font NotoSerifDevanagari:mode=node;script=DFLT;language=dflt;+tlig;!
Missing character: There is no l (U+006C) in font NotoSerifDevanagari:mode=node;script=DFLT;language=dflt;+tlig;!
Missing character: There is no u (U+0075) in font NotoSerifDevanagari:mode=node;script=DFLT;language=dflt;+tlig;!
Missing character: There is no u (U+0075) in font NotoSerifDevanagari:mode=node;script=DFLT;language=dflt;+tlig;!
Missing character: There is no l (U+006C) in font NotoSerifDevanagari:mode=node;script=DFLT;language=dflt;+tlig;!
Missing character: There is no e (U+0065) in font NotoSerifDevanagari:mode=node;script=DFLT;language=dflt;+tlig;!
Missing character: There is no K (U+004B) in font NotoSerifDevanagari:mode=node;script=DFLT;language=dflt;+tlig;!
Missing character: There is no k (U+006B) in font NotoSerifDevanagari:mode=node;script=DFLT;language=dflt;+tlig;!
Missing character: There is no o (U+006F) in font NotoSerifDevanagari:mode=node;script=DFLT;language=dflt;+tlig;!
Missing character: There is no o (U+006F) in font NotoSerifDevanagari:mode=node;script=DFLT;language=dflt;+tlig;!
Missing character: There is no i (U+0069) in font NotoSerifDevanagari:mode=node;script=DFLT;language=dflt;+tlig;!
Missing character: There is no u (U+0075) in font NotoSerifDevanagari:mode=node;script=DFLT;language=dflt;+tlig;!
Missing character: There is no u (U+0075) in font NotoSerifDevanagari:mode=node;script=DFLT;language=dflt;+tlig;!
Missing character: There is no l (U+006C) in font NotoSerifDevanagari:mode=node;script=DFLT;language=dflt;+tlig;!
Missing character: There is no u (U+0075) in font NotoSerifDevanagari:mode=node;script=DFLT;language=dflt;+tlig;!
Missing character: There is no u (U+0075) in font NotoSerifDevanagari:mode=node;script=DFLT;language=dflt;+tlig;!
Missing character: There is no l (U+006C) in font NotoSerifDevanagari:mode=node;script=DFLT;language=dflt;+tlig;!
Missing character: There is no e (U+0065) in font NotoSerifDevanagari:mode=node;script=DFLT;language=dflt;+tlig;!
Missing character: There is no C (U+0043) in font NotoSerifDevanagari:mode=node;script=DFLT;language=dflt;+tlig;!
Missing character: There is no a (U+0061) in font NotoSerifDevanagari:mode=node;script=DFLT;language=dflt;+tlig;!
Missing character: There is no a (U+0061) in font NotoSerifDevanagari:mode=node;script=DFLT;language=dflt;+tlig;!
Missing character: There is no i (U+0069) in font NotoSerifDevanagari:mode=node;script=DFLT;language=dflt;+tlig;!
Missing character: There is no u (U+0075) in font NotoSerifDevanagari:mode=node;script=DFLT;language=dflt;+tlig;!
Missing character: There is no u (U+0075) in font NotoSerifDevanagari:mode=node;script=DFLT;language=dflt;+tlig;!
Missing character: There is no u (U+0075) in font NotoSerifDevanagari:mode=node;script=DFLT;language=dflt;+tlig;!
Missing character: There is no I (U+0049) in font NotoSerifDevanagari:mode=node;script=DFLT;language=dflt;+tlig;!
Missing character: There is no C (U+0043) in font NotoSerifDevanagari:mode=node;script=DFLT;language=dflt;+tlig;!
Missing character: There is no i (U+0069) in font NotoSerifDevanagari:mode=node;script=DFLT;language=dflt;+tlig;!
Missing character: There is no i (U+0069) in font NotoSerifDevanagari:mode=node;script=DFLT;language=dflt;+tlig;!
Missing character: There is no e (U+0065) in font NotoSerifDevanagari:mode=node;script=DFLT;language=dflt;+tlig;!
Missing character: There is no u (U+0075) in font NotoSerifDevanagari:mode=node;script=DFLT;language=dflt;+tlig;!
Missing character: There is no u (U+0075) in font NotoSerifDevanagari:mode=node;script=DFLT;language=dflt;+tlig;!
Missing character: There is no l (U+006C) in font NotoSerifDevanagari:mode=node;script=DFLT;language=dflt;+tlig;!
Missing character: There is no u (U+0075) in font NotoSerifDevanagari:mode=node;script=DFLT;language=dflt;+tlig;!
Missing character: There is no u (U+0075) in font NotoSerifDevanagari:mode=node;script=DFLT;language=dflt;+tlig;!
Missing character: There is no l (U+006C) in font NotoSerifDevanagari:mode=node;script=DFLT;language=dflt;+tlig;!
Missing character: There is no e (U+0065) in font NotoSerifDevanagari:mode=node;script=DFLT;language=dflt;+tlig;!
Missing character: There is no E (U+0045) in font NotoSerifDevanagari:mode=node;script=DFLT;language=dflt;+tlig;!
Missing character: There is no C (U+0043) in font NotoSerifDevanagari:mode=node;script=DFLT;language=dflt;+tlig;!
Missing character: There is no e (U+0065) in font NotoSerifDevanagari:mode=node;script=DFLT;language=dflt;+tlig;!
Missing character: There is no e (U+0065) in font NotoSerifDevanagari:mode=node;script=DFLT;language=dflt;+tlig;!
Missing character: There is no i (U+0069) in font NotoSerifDevanagari:mode=node;script=DFLT;language=dflt;+tlig;!
Missing character: There is no u (U+0075) in font NotoSerifDevanagari:mode=node;script=DFLT;language=dflt;+tlig;!
Missing character: There is no u (U+0075) in font NotoSerifDevanagari:mode=node;script=DFLT;language=dflt;+tlig;!
Missing character: There is no l (U+006C) in font NotoSerifDevanagari:mode=node;script=DFLT;language=dflt;+tlig;!
Missing character: There is no u (U+0075) in font NotoSerifDevanagari:mode=node;script=DFLT;language=dflt;+tlig;!
Missing character: There is no u (U+0075) in font NotoSerifDevanagari:mode=node;script=DFLT;language=dflt;+tlig;!
Missing character: There is no l (U+006C) in font NotoSerifDevanagari:mode=node;script=DFLT;language=dflt;+tlig;!
Missing character: There is no e (U+0065) in font NotoSerifDevanagari:mode=node;script=DFLT;language=dflt;+tlig;!
Missing character: There is no V (U+0056) in font NotoSerifDevanagari:mode=node;script=DFLT;language=dflt;+tlig;!
Missing character: There is no l (U+006C) in font NotoSerifDevanagari:mode=node;script=DFLT;language=dflt;+tlig;!
Missing character: There is no u (U+0075) in font NotoSerifDevanagari:mode=node;script=DFLT;language=dflt;+tlig;!
Missing character: There is no l (U+006C) in font NotoSerifDevanagari:mode=node;script=DFLT;language=dflt;+tlig;!
Missing character: There is no u (U+0075) in font NotoSerifDevanagari:mode=node;script=DFLT;language=dflt;+tlig;!
Missing character: There is no l (U+006C) in font NotoSerifDevanagari:mode=node;script=DFLT;language=dflt;+tlig;!
Missing character: There is no e (U+0065) in font NotoSerifDevanagari:mode=node;script=DFLT;language=dflt;+tlig;!
Missing character: There is no C (U+0043) in font NotoSerifDevanagari:mode=node;script=DFLT;language=dflt;+tlig;!
Missing character: There is no l (U+006C) in font NotoSerifDevanagari:mode=node;script=DFLT;language=dflt;+tlig;!
Missing character: There is no u (U+0075) in font NotoSerifDevanagari:mode=node;script=DFLT;language=dflt;+tlig;!
Missing character: There is no l (U+006C) in font NotoSerifDevanagari:mode=node;script=DFLT;language=dflt;+tlig;!
Missing character: There is no u (U+0075) in font NotoSerifDevanagari:mode=node;script=DFLT;language=dflt;+tlig;!
Missing character: There is no l (U+006C) in font NotoSerifDevanagari:mode=node;script=DFLT;language=dflt;+tlig;!
Missing character: There is no u (U+0075) in font NotoSerifDevanagari:mode=node;script=DFLT;language=dflt;+tlig;!
] (./main.aux))

Here is how much of LuaTeX's memory you used:
 7522 strings out of 481365
 244492,552014 words of node,token memory allocated
 3521 words of node memory still in use:
   8 hlist, 1 vlist, 5 rule, 2 glue, 3 kern, 1 penalty, 2 glyph, 461 attribute, 452 glue_spec, 29 attribute_list, 1 write, 10 user_defined nodes
   avail lists: 1:21,2:83551,3:193,4:676,5:25,6:46,7:4866,8:2,9:1328,10:6,11:110
 24228 multiletter control sequences out of 65536+600000
 103 fonts using 358186475 bytes
 64i,11n,91p,1134b,504s stack positions out of 5000i,500n,10000p,200000b,100000s
</usr/share/fonts/opentype/noto/NotoSansCJK-Bold.ttc></usr/share/fonts/opentype/noto/NotoSansCJK-Bold.ttc></usr/share/texmf/fonts/opentype/public/lm/lmsans10-bold.otf></usr/share/fonts/truetype/noto/NotoSerifDevanagari-Regular.ttf></usr/share/fonts/opentype/noto/NotoSerifCJK-Regular.ttc></usr/share/fonts/opentype/noto/NotoSerifCJK-Regular.ttc>
Output written on main.pdf (5 pages, 74614 bytes).

PDF statistics: 48 PDF objects out of 1000 (max. 8388607)
 28 compressed objects within 1 object stream
 0 named destinations out of 1000 (max. 131072)
 1 words of extra memory for PDF output out of 10000 (max. 100000000)

